22/07/09 00:00:50 631 [debug]: -------------------------------------------------------------
22/07/09 00:00:50 635 [debug]: |               Start Express Server                         |
22/07/09 00:00:50 635 [debug]: -------------------------------------------------------------
22/07/09 00:00:50 637 [debug]: server adredd => http://192.168.200.174:3001
22/07/09 00:00:50 637 [debug]: -------------------------------------------------------------
22/07/09 00:01:51 005 [debug]: -------------------------------------------------------------
22/07/09 00:01:51 009 [debug]: |               Start Express Server                         |
22/07/09 00:01:51 010 [debug]: -------------------------------------------------------------
22/07/09 00:01:51 011 [debug]: server adredd => http://192.168.200.174:3001
22/07/09 00:01:51 012 [debug]: -------------------------------------------------------------
22/07/09 00:10:33 796 [debug]: -------------------------------------------------------------
22/07/09 00:10:33 798 [debug]: |               Start Express Server                         |
22/07/09 00:10:33 799 [debug]: -------------------------------------------------------------
22/07/09 00:10:33 799 [debug]: server adredd => http://192.168.200.174:3001
22/07/09 00:10:33 800 [debug]: -------------------------------------------------------------
22/07/09 00:20:23 731 [debug]: -------------------------------------------------------------
22/07/09 00:20:23 733 [debug]: |               Start Express Server                         |
22/07/09 00:20:23 734 [debug]: -------------------------------------------------------------
22/07/09 00:20:23 735 [debug]: server adredd => http://192.168.200.174:3001
22/07/09 00:20:23 737 [debug]: -------------------------------------------------------------
22/07/09 00:20:48 555 [debug]: 클라이언트가 접속했습니다.
22/07/09 00:20:48 556 [debug]: [client] ::1 / Windows 10.0 / Chrome / 103.0.0.0 / Microsoft Windows
22/07/09 00:20:48 558 [debug]: [GET] http://undefined/
22/07/09 00:20:48 574 [debug]: 클라이언트의 접속이 종료되었습니다. ::: [runtime] 18ms
22/07/09 00:20:48 575 [debug]: ------------------------------------------------------------
22/07/09 00:22:02 815 [debug]: 클라이언트가 접속했습니다.
22/07/09 00:22:02 816 [debug]: [client] ::1 / Windows 10.0 / Chrome / 103.0.0.0 / Microsoft Windows
22/07/09 00:22:02 816 [debug]: [POST] http://undefined/
22/07/09 00:22:05 019 [debug]: 클라이언트의 접속이 종료되었습니다. ::: [runtime] 2203ms
22/07/09 00:22:05 019 [debug]: ------------------------------------------------------------
22/07/09 00:25:51 564 [debug]: -------------------------------------------------------------
22/07/09 00:25:51 567 [debug]: |               Start Express Server                         |
22/07/09 00:25:51 568 [debug]: -------------------------------------------------------------
22/07/09 00:25:51 568 [debug]: server adredd => http://192.168.200.174:3001
22/07/09 00:25:51 569 [debug]: -------------------------------------------------------------
22/07/09 18:53:26 082 [debug]: -------------------------------------------------------------
22/07/09 18:53:26 084 [debug]: |               Start Express Server                         |
22/07/09 18:53:26 084 [debug]: -------------------------------------------------------------
22/07/09 18:53:26 084 [debug]: server adredd => http://192.168.200.174:3001
22/07/09 18:53:26 085 [debug]: -------------------------------------------------------------
22/07/09 18:53:34 915 [debug]: 클라이언트가 접속했습니다.
22/07/09 18:53:34 916 [debug]: [client] ::ffff:127.0.0.1 / unknown / insomnia / 2022.4.2 / unknown
22/07/09 18:53:34 916 [debug]: [POST] http://undefined/
22/07/09 18:53:34 931 [debug]: 클라이언트의 접속이 종료되었습니다. ::: [runtime] 15ms
22/07/09 18:53:34 931 [debug]: ------------------------------------------------------------
22/07/09 20:22:48 472 [debug]: -------------------------------------------------------------
22/07/09 20:22:48 474 [debug]: |               Start Express Server                         |
22/07/09 20:22:48 474 [debug]: -------------------------------------------------------------
22/07/09 20:22:48 475 [debug]: server adredd => http://192.168.200.174:3001
22/07/09 20:22:48 475 [debug]: -------------------------------------------------------------
22/07/09 20:23:53 734 [debug]: 클라이언트가 접속했습니다.
22/07/09 20:23:53 735 [debug]: [client] ::1 / Windows 10.0 / Chrome / 103.0.0.0 / Microsoft Windows
22/07/09 20:23:53 736 [debug]: [GET] http://undefined/
22/07/09 20:23:53 746 [debug]: 클라이언트의 접속이 종료되었습니다. ::: [runtime] 10ms
22/07/09 20:23:53 747 [debug]: ------------------------------------------------------------
22/07/09 20:24:12 496 [debug]: 클라이언트가 접속했습니다.
22/07/09 20:24:12 496 [debug]: [client] ::1 / Windows 10.0 / Chrome / 103.0.0.0 / Microsoft Windows
22/07/09 20:24:12 496 [debug]: [POST] http://undefined/
22/07/09 20:24:12 501 [debug]: 클라이언트의 접속이 종료되었습니다. ::: [runtime] 5ms
22/07/09 20:24:12 501 [debug]: ------------------------------------------------------------
22/07/09 20:24:25 218 [debug]: 클라이언트가 접속했습니다.
22/07/09 20:24:25 218 [debug]: [client] ::1 / Windows 10.0 / Chrome / 103.0.0.0 / Microsoft Windows
22/07/09 20:24:25 218 [debug]: [POST] http://undefined/
22/07/09 20:24:25 220 [debug]: 클라이언트의 접속이 종료되었습니다. ::: [runtime] 2ms
22/07/09 20:24:25 221 [debug]: ------------------------------------------------------------
22/07/09 20:26:10 251 [debug]: 클라이언트가 접속했습니다.
22/07/09 20:26:10 251 [debug]: [client] ::1 / Windows 10.0 / Chrome / 103.0.0.0 / Microsoft Windows
22/07/09 20:26:10 252 [debug]: [POST] http://undefined/
22/07/09 20:26:10 253 [debug]: 클라이언트의 접속이 종료되었습니다. ::: [runtime] 2ms
22/07/09 20:26:10 253 [debug]: ------------------------------------------------------------
22/07/09 20:26:20 959 [debug]: 클라이언트가 접속했습니다.
22/07/09 20:26:20 960 [debug]: [client] ::1 / Windows 10.0 / Chrome / 103.0.0.0 / Microsoft Windows
22/07/09 20:26:20 960 [debug]: [POST] http://undefined/
22/07/09 20:26:20 962 [debug]: 클라이언트의 접속이 종료되었습니다. ::: [runtime] 1ms
22/07/09 20:26:20 962 [debug]: ------------------------------------------------------------
22/07/09 20:28:18 809 [debug]: 클라이언트가 접속했습니다.
22/07/09 20:28:18 809 [debug]: [client] ::1 / Windows 10.0 / Chrome / 103.0.0.0 / Microsoft Windows
22/07/09 20:28:18 810 [debug]: [GET] http://undefined/
22/07/09 20:28:18 813 [debug]: 클라이언트의 접속이 종료되었습니다. ::: [runtime] 4ms
22/07/09 20:28:18 813 [debug]: ------------------------------------------------------------
22/07/09 20:28:39 108 [debug]: 클라이언트가 접속했습니다.
22/07/09 20:28:39 108 [debug]: [client] ::1 / Windows 10.0 / Chrome / 103.0.0.0 / Microsoft Windows
22/07/09 20:28:39 109 [debug]: [GET] http://undefined/
22/07/09 20:28:39 112 [debug]: 클라이언트의 접속이 종료되었습니다. ::: [runtime] 4ms
22/07/09 20:28:39 112 [debug]: ------------------------------------------------------------
22/07/09 20:28:44 891 [debug]: 클라이언트가 접속했습니다.
22/07/09 20:30:48 372 [debug]: -------------------------------------------------------------
22/07/09 20:30:48 373 [debug]: |               Start Express Server                         |
22/07/09 20:30:48 374 [debug]: -------------------------------------------------------------
22/07/09 20:30:48 374 [debug]: server adredd => http://192.168.200.174:3001
22/07/09 20:30:48 374 [debug]: -------------------------------------------------------------
22/07/09 20:30:51 961 [debug]: 클라이언트가 접속했습니다.
22/07/09 20:30:51 962 [debug]: [client] ::1 / Windows 10.0 / Chrome / 103.0.0.0 / Microsoft Windows
22/07/09 20:30:51 962 [debug]: [GET] http://undefined/
22/07/09 20:30:51 972 [debug]: 클라이언트의 접속이 종료되었습니다. ::: [runtime] 10ms
22/07/09 20:30:51 973 [debug]: ------------------------------------------------------------
22/07/09 20:30:58 367 [debug]: 클라이언트가 접속했습니다.
22/07/09 20:30:58 368 [debug]: [client] ::1 / Windows 10.0 / Chrome / 103.0.0.0 / Microsoft Windows
22/07/09 20:30:58 368 [debug]: [POST] http://undefined/
22/07/09 20:30:58 383 [debug]: 클라이언트의 접속이 종료되었습니다. ::: [runtime] 15ms
22/07/09 20:30:58 384 [debug]: ------------------------------------------------------------
