22/07/08 10:38:22 500 [debug]: -------------------------------------------------------------
22/07/08 10:38:22 502 [debug]: |               Start Express Server                         |
22/07/08 10:38:22 502 [debug]: -------------------------------------------------------------
22/07/08 10:38:22 503 [debug]: server adredd => http://192.168.200.174:3001
22/07/08 10:38:22 503 [debug]: -------------------------------------------------------------
22/07/08 10:38:35 889 [debug]: 클라이언트가 접속했습니다.
22/07/08 10:38:35 890 [debug]: [client] ::ffff:192.168.200.174 / Windows 10.0 / Chrome / 103.0.0.0 / Microsoft Windows
22/07/08 10:38:35 891 [debug]: [GET] http://undefined/
22/07/08 10:38:35 901 [debug]: 클라이언트의 접속이 종료되었습니다. ::: [runtime] 11ms
22/07/08 10:38:35 902 [debug]: ------------------------------------------------------------
22/07/08 14:41:20 395 [debug]: 클라이언트가 접속했습니다.
22/07/08 14:41:20 396 [debug]: [client] ::ffff:127.0.0.1 / unknown / insomnia / 2022.4.2 / unknown
22/07/08 14:41:20 396 [debug]: [GET] http://undefined/
22/07/08 14:41:20 399 [debug]: 클라이언트의 접속이 종료되었습니다. ::: [runtime] 3ms
22/07/08 14:41:20 400 [debug]: ------------------------------------------------------------
22/07/08 14:43:16 414 [debug]: 클라이언트가 접속했습니다.
22/07/08 14:43:16 414 [debug]: [client] ::ffff:127.0.0.1 / unknown / insomnia / 2022.4.2 / unknown
22/07/08 14:43:16 414 [debug]: [GET] http://undefined/
22/07/08 14:43:16 416 [debug]: 클라이언트의 접속이 종료되었습니다. ::: [runtime] 2ms
22/07/08 14:43:16 416 [debug]: ------------------------------------------------------------
22/07/08 14:43:17 014 [debug]: 클라이언트가 접속했습니다.
22/07/08 14:43:17 014 [debug]: [client] ::ffff:127.0.0.1 / unknown / insomnia / 2022.4.2 / unknown
22/07/08 14:43:17 014 [debug]: [GET] http://undefined/
22/07/08 14:43:17 015 [debug]: 클라이언트의 접속이 종료되었습니다. ::: [runtime] 1ms
22/07/08 14:43:17 016 [debug]: ------------------------------------------------------------
22/07/08 14:43:17 648 [debug]: 클라이언트가 접속했습니다.
22/07/08 14:43:17 648 [debug]: [client] ::ffff:127.0.0.1 / unknown / insomnia / 2022.4.2 / unknown
22/07/08 14:43:17 649 [debug]: [GET] http://undefined/
22/07/08 14:43:17 650 [debug]: 클라이언트의 접속이 종료되었습니다. ::: [runtime] 2ms
22/07/08 14:43:17 650 [debug]: ------------------------------------------------------------
22/07/08 14:44:33 951 [debug]: 클라이언트가 접속했습니다.
22/07/08 14:44:33 951 [debug]: [client] ::ffff:127.0.0.1 / unknown / insomnia / 2022.4.2 / unknown
22/07/08 14:44:33 951 [debug]: [POST] http://undefined/
22/07/08 14:44:33 965 [debug]: [프론트엔드로부터 전달받은 POST 파라미터]
22/07/08 14:44:33 965 [debug]: t >>username=김도유
22/07/08 14:44:33 965 [debug]: t >>email=howdoyoodoit@gmail.com
22/07/08 14:44:33 967 [debug]: 클라이언트의 접속이 종료되었습니다. ::: [runtime] 16ms
22/07/08 14:44:33 967 [debug]: ------------------------------------------------------------
22/07/08 14:45:01 361 [debug]: 클라이언트가 접속했습니다.
22/07/08 14:45:01 362 [debug]: [client] ::ffff:127.0.0.1 / unknown / insomnia / 2022.4.2 / unknown
22/07/08 14:45:01 362 [debug]: [POST] http://undefined/
22/07/08 14:45:01 363 [debug]: [프론트엔드로부터 전달받은 POST 파라미터]
22/07/08 14:45:01 363 [debug]: t >>username=김도유
22/07/08 14:45:01 363 [debug]: t >>grade=5
22/07/08 14:45:01 363 [debug]: 클라이언트의 접속이 종료되었습니다. ::: [runtime] 1ms
22/07/08 14:45:01 364 [debug]: ------------------------------------------------------------
22/07/08 14:45:03 054 [debug]: 클라이언트가 접속했습니다.
22/07/08 14:45:03 054 [debug]: [client] ::ffff:127.0.0.1 / unknown / insomnia / 2022.4.2 / unknown
22/07/08 14:45:03 054 [debug]: [POST] http://undefined/
22/07/08 14:45:03 055 [debug]: [프론트엔드로부터 전달받은 POST 파라미터]
22/07/08 14:45:03 055 [debug]: t >>username=김도유
22/07/08 14:45:03 055 [debug]: t >>grade=5
22/07/08 14:45:03 055 [debug]: 클라이언트의 접속이 종료되었습니다. ::: [runtime] 1ms
22/07/08 14:45:03 055 [debug]: ------------------------------------------------------------
22/07/08 14:45:09 322 [debug]: 클라이언트가 접속했습니다.
22/07/08 14:45:09 322 [debug]: [client] ::ffff:127.0.0.1 / unknown / insomnia / 2022.4.2 / unknown
22/07/08 14:45:09 323 [debug]: [POST] http://undefined/
22/07/08 14:45:09 323 [debug]: [프론트엔드로부터 전달받은 POST 파라미터]
22/07/08 14:45:09 323 [debug]: t >>username=김도유
22/07/08 14:45:09 323 [debug]: t >>grade=5
22/07/08 14:45:09 324 [debug]: 클라이언트의 접속이 종료되었습니다. ::: [runtime] 2ms
22/07/08 14:45:09 324 [debug]: ------------------------------------------------------------
22/07/08 14:45:17 379 [debug]: 클라이언트가 접속했습니다.
22/07/08 14:45:17 380 [debug]: [client] ::ffff:127.0.0.1 / unknown / insomnia / 2022.4.2 / unknown
22/07/08 14:45:17 381 [debug]: [POST] http://undefined/
22/07/08 14:45:17 381 [debug]: [프론트엔드로부터 전달받은 POST 파라미터]
22/07/08 14:45:17 381 [debug]: t >>username=김도유
22/07/08 14:45:17 382 [debug]: t >>grade=5
22/07/08 14:45:17 382 [debug]: 클라이언트의 접속이 종료되었습니다. ::: [runtime] 3ms
22/07/08 14:45:17 382 [debug]: ------------------------------------------------------------
22/07/08 14:45:49 108 [debug]: 클라이언트가 접속했습니다.
22/07/08 14:45:49 108 [debug]: [client] ::ffff:127.0.0.1 / unknown / insomnia / 2022.4.2 / unknown
22/07/08 14:45:49 109 [debug]: [PUT] http://undefined/
22/07/08 14:45:49 110 [debug]: 클라이언트의 접속이 종료되었습니다. ::: [runtime] 2ms
22/07/08 14:45:49 110 [debug]: ------------------------------------------------------------
22/07/08 14:45:49 784 [debug]: 클라이언트가 접속했습니다.
22/07/08 14:45:49 784 [debug]: [client] ::ffff:127.0.0.1 / unknown / insomnia / 2022.4.2 / unknown
22/07/08 14:45:49 784 [debug]: [PUT] http://undefined/
22/07/08 14:45:49 785 [debug]: 클라이언트의 접속이 종료되었습니다. ::: [runtime] 1ms
22/07/08 14:45:49 785 [debug]: ------------------------------------------------------------
22/07/08 14:46:09 359 [debug]: 클라이언트가 접속했습니다.
22/07/08 14:46:09 359 [debug]: [client] ::ffff:127.0.0.1 / unknown / insomnia / 2022.4.2 / unknown
22/07/08 14:46:09 359 [debug]: [PUT] http://undefined/
22/07/08 14:46:09 360 [debug]: 클라이언트의 접속이 종료되었습니다. ::: [runtime] 1ms
22/07/08 14:46:09 360 [debug]: ------------------------------------------------------------
22/07/08 14:46:18 035 [debug]: 클라이언트가 접속했습니다.
22/07/08 14:46:18 035 [debug]: [client] ::ffff:127.0.0.1 / unknown / insomnia / 2022.4.2 / unknown
22/07/08 14:46:18 035 [debug]: [PUT] http://undefined/
22/07/08 14:46:18 036 [debug]: 클라이언트의 접속이 종료되었습니다. ::: [runtime] 1ms
22/07/08 14:46:18 037 [debug]: ------------------------------------------------------------
22/07/08 14:46:52 814 [debug]: 클라이언트가 접속했습니다.
22/07/08 14:46:52 814 [debug]: [client] ::ffff:127.0.0.1 / unknown / insomnia / 2022.4.2 / unknown
22/07/08 14:46:52 815 [debug]: [PUT] http://undefined/
22/07/08 14:46:52 815 [debug]: 클라이언트의 접속이 종료되었습니다. ::: [runtime] 1ms
22/07/08 14:46:52 815 [debug]: ------------------------------------------------------------
22/07/08 14:46:54 068 [debug]: 클라이언트가 접속했습니다.
22/07/08 14:46:54 068 [debug]: [client] ::ffff:127.0.0.1 / unknown / insomnia / 2022.4.2 / unknown
22/07/08 14:46:54 068 [debug]: [PUT] http://undefined/
22/07/08 14:46:54 069 [debug]: 클라이언트의 접속이 종료되었습니다. ::: [runtime] 1ms
22/07/08 14:46:54 069 [debug]: ------------------------------------------------------------
22/07/08 14:47:42 060 [debug]: 클라이언트가 접속했습니다.
22/07/08 14:47:42 060 [debug]: [client] ::ffff:127.0.0.1 / unknown / insomnia / 2022.4.2 / unknown
22/07/08 14:47:42 060 [debug]: [PUT] http://undefined/
22/07/08 14:47:42 062 [debug]: 클라이언트의 접속이 종료되었습니다. ::: [runtime] 2ms
22/07/08 14:47:42 062 [debug]: ------------------------------------------------------------
22/07/08 14:47:46 982 [debug]: 클라이언트가 접속했습니다.
22/07/08 14:47:46 982 [debug]: [client] ::ffff:127.0.0.1 / unknown / insomnia / 2022.4.2 / unknown
22/07/08 14:47:46 982 [debug]: [PUT] http://undefined/
22/07/08 14:47:46 983 [debug]: 클라이언트의 접속이 종료되었습니다. ::: [runtime] 1ms
22/07/08 14:47:46 983 [debug]: ------------------------------------------------------------
22/07/08 14:47:58 245 [debug]: 클라이언트가 접속했습니다.
22/07/08 14:47:58 245 [debug]: [client] ::ffff:127.0.0.1 / unknown / insomnia / 2022.4.2 / unknown
22/07/08 14:47:58 245 [debug]: [PUT] http://undefined/
22/07/08 14:47:58 246 [debug]: 클라이언트의 접속이 종료되었습니다. ::: [runtime] 1ms
22/07/08 14:47:58 246 [debug]: ------------------------------------------------------------
22/07/08 14:47:59 092 [debug]: 클라이언트가 접속했습니다.
22/07/08 14:47:59 092 [debug]: [client] ::ffff:127.0.0.1 / unknown / insomnia / 2022.4.2 / unknown
22/07/08 14:47:59 092 [debug]: [PUT] http://undefined/
22/07/08 14:47:59 093 [debug]: 클라이언트의 접속이 종료되었습니다. ::: [runtime] 1ms
22/07/08 14:47:59 093 [debug]: ------------------------------------------------------------
22/07/08 14:48:17 757 [debug]: 클라이언트가 접속했습니다.
22/07/08 14:48:17 757 [debug]: [client] ::ffff:127.0.0.1 / unknown / insomnia / 2022.4.2 / unknown
22/07/08 14:48:17 757 [debug]: [PUT] http://undefined/
22/07/08 14:48:17 758 [debug]: 클라이언트의 접속이 종료되었습니다. ::: [runtime] 1ms
22/07/08 14:48:17 758 [debug]: ------------------------------------------------------------
22/07/08 14:48:18 934 [debug]: 클라이언트가 접속했습니다.
22/07/08 14:48:18 934 [debug]: [client] ::ffff:127.0.0.1 / unknown / insomnia / 2022.4.2 / unknown
22/07/08 14:48:18 934 [debug]: [PUT] http://undefined/
22/07/08 14:48:18 935 [debug]: 클라이언트의 접속이 종료되었습니다. ::: [runtime] 1ms
22/07/08 14:48:18 935 [debug]: ------------------------------------------------------------
22/07/08 14:48:19 535 [debug]: 클라이언트가 접속했습니다.
22/07/08 14:48:19 535 [debug]: [client] ::ffff:127.0.0.1 / unknown / insomnia / 2022.4.2 / unknown
22/07/08 14:48:19 535 [debug]: [PUT] http://undefined/
22/07/08 14:48:19 536 [debug]: 클라이언트의 접속이 종료되었습니다. ::: [runtime] 1ms
22/07/08 14:48:19 536 [debug]: ------------------------------------------------------------
22/07/08 14:48:20 071 [debug]: 클라이언트가 접속했습니다.
22/07/08 14:48:20 071 [debug]: [client] ::ffff:127.0.0.1 / unknown / insomnia / 2022.4.2 / unknown
22/07/08 14:48:20 071 [debug]: [PUT] http://undefined/
22/07/08 14:48:20 072 [debug]: 클라이언트의 접속이 종료되었습니다. ::: [runtime] 1ms
22/07/08 14:48:20 072 [debug]: ------------------------------------------------------------
22/07/08 14:49:08 094 [debug]: -------------------------------------------------------------
22/07/08 14:49:08 096 [debug]: |               Start Express Server                         |
22/07/08 14:49:08 097 [debug]: -------------------------------------------------------------
22/07/08 14:49:08 097 [debug]: server adredd => http://192.168.200.174:3001
22/07/08 14:49:08 097 [debug]: -------------------------------------------------------------
22/07/08 14:49:11 917 [debug]: 클라이언트가 접속했습니다.
22/07/08 14:49:11 918 [debug]: [client] ::ffff:127.0.0.1 / unknown / insomnia / 2022.4.2 / unknown
22/07/08 14:49:11 919 [debug]: [PUT] http://undefined/
22/07/08 14:49:11 928 [debug]: 클라이언트의 접속이 종료되었습니다. ::: [runtime] 10ms
22/07/08 14:49:11 929 [debug]: ------------------------------------------------------------
22/07/08 14:51:11 170 [debug]: -------------------------------------------------------------
22/07/08 14:51:11 172 [debug]: |               Start Express Server                         |
22/07/08 14:51:11 172 [debug]: -------------------------------------------------------------
22/07/08 14:51:11 173 [debug]: server adredd => http://192.168.200.174:3001
22/07/08 14:51:11 173 [debug]: -------------------------------------------------------------
22/07/08 14:51:14 876 [debug]: 클라이언트가 접속했습니다.
22/07/08 14:51:14 877 [debug]: [client] ::ffff:127.0.0.1 / unknown / insomnia / 2022.4.2 / unknown
22/07/08 14:51:14 877 [debug]: [PUT] http://undefined/
22/07/08 14:51:14 894 [debug]: 클라이언트의 접속이 종료되었습니다. ::: [runtime] 18ms
22/07/08 14:51:14 894 [debug]: ------------------------------------------------------------
22/07/08 14:51:26 731 [debug]: 클라이언트가 접속했습니다.
22/07/08 14:51:26 732 [debug]: [client] ::ffff:127.0.0.1 / unknown / insomnia / 2022.4.2 / unknown
22/07/08 14:51:26 732 [debug]: [PUT] http://undefined/
22/07/08 14:51:26 733 [debug]: [프론트엔드로부터 전달받은 PUT 파라미터]
22/07/08 14:51:26 735 [debug]: 클라이언트의 접속이 종료되었습니다. ::: [runtime] 3ms
22/07/08 14:51:26 735 [debug]: ------------------------------------------------------------
22/07/08 14:51:28 485 [debug]: 클라이언트가 접속했습니다.
22/07/08 14:51:28 486 [debug]: [client] ::ffff:127.0.0.1 / unknown / insomnia / 2022.4.2 / unknown
22/07/08 14:51:28 486 [debug]: [PUT] http://undefined/
22/07/08 14:51:28 486 [debug]: [프론트엔드로부터 전달받은 PUT 파라미터]
22/07/08 14:51:28 487 [debug]: 클라이언트의 접속이 종료되었습니다. ::: [runtime] 1ms
22/07/08 14:51:28 487 [debug]: ------------------------------------------------------------
22/07/08 14:51:37 007 [debug]: 클라이언트가 접속했습니다.
22/07/08 14:51:37 007 [debug]: [client] ::ffff:127.0.0.1 / unknown / insomnia / 2022.4.2 / unknown
22/07/08 14:51:37 007 [debug]: [PUT] http://undefined/
22/07/08 14:51:37 007 [debug]: [프론트엔드로부터 전달받은 PUT 파라미터]
22/07/08 14:51:37 008 [debug]: 클라이언트의 접속이 종료되었습니다. ::: [runtime] 1ms
22/07/08 14:51:37 008 [debug]: ------------------------------------------------------------
22/07/08 14:51:37 654 [debug]: 클라이언트가 접속했습니다.
22/07/08 14:51:37 654 [debug]: [client] ::ffff:127.0.0.1 / unknown / insomnia / 2022.4.2 / unknown
22/07/08 14:51:37 654 [debug]: [PUT] http://undefined/
22/07/08 14:51:37 655 [debug]: [프론트엔드로부터 전달받은 PUT 파라미터]
22/07/08 14:51:37 655 [debug]: 클라이언트의 접속이 종료되었습니다. ::: [runtime] 1ms
22/07/08 14:51:37 655 [debug]: ------------------------------------------------------------
22/07/08 14:52:19 766 [debug]: 클라이언트가 접속했습니다.
22/07/08 14:52:19 766 [debug]: [client] ::ffff:127.0.0.1 / unknown / insomnia / 2022.4.2 / unknown
22/07/08 14:52:19 766 [debug]: [PUT] http://undefined/
22/07/08 14:52:19 767 [debug]: [프론트엔드로부터 전달받은 PUT 파라미터]
22/07/08 14:52:19 767 [debug]: 클라이언트의 접속이 종료되었습니다. ::: [runtime] 1ms
22/07/08 14:52:19 767 [debug]: ------------------------------------------------------------
22/07/08 14:52:20 967 [debug]: 클라이언트가 접속했습니다.
22/07/08 14:52:20 967 [debug]: [client] ::ffff:127.0.0.1 / unknown / insomnia / 2022.4.2 / unknown
22/07/08 14:52:20 967 [debug]: [PUT] http://undefined/
22/07/08 14:52:20 968 [debug]: [프론트엔드로부터 전달받은 PUT 파라미터]
22/07/08 14:52:20 969 [debug]: 클라이언트의 접속이 종료되었습니다. ::: [runtime] 2ms
22/07/08 14:52:20 969 [debug]: ------------------------------------------------------------
22/07/08 14:52:21 670 [debug]: 클라이언트가 접속했습니다.
22/07/08 14:52:21 671 [debug]: [client] ::ffff:127.0.0.1 / unknown / insomnia / 2022.4.2 / unknown
22/07/08 14:52:21 671 [debug]: [PUT] http://undefined/
22/07/08 14:52:21 671 [debug]: [프론트엔드로부터 전달받은 PUT 파라미터]
22/07/08 14:52:21 672 [debug]: 클라이언트의 접속이 종료되었습니다. ::: [runtime] 1ms
22/07/08 14:52:21 672 [debug]: ------------------------------------------------------------
22/07/08 14:52:22 128 [debug]: 클라이언트가 접속했습니다.
22/07/08 14:52:22 128 [debug]: [client] ::ffff:127.0.0.1 / unknown / insomnia / 2022.4.2 / unknown
22/07/08 14:52:22 128 [debug]: [PUT] http://undefined/
22/07/08 14:52:22 129 [debug]: [프론트엔드로부터 전달받은 PUT 파라미터]
22/07/08 14:52:22 130 [debug]: 클라이언트의 접속이 종료되었습니다. ::: [runtime] 2ms
22/07/08 14:52:22 130 [debug]: ------------------------------------------------------------
22/07/08 14:53:45 748 [debug]: 클라이언트가 접속했습니다.
22/07/08 14:53:45 748 [debug]: [client] ::ffff:127.0.0.1 / unknown / insomnia / 2022.4.2 / unknown
22/07/08 14:53:45 748 [debug]: [DELETE] http://undefined/
22/07/08 14:53:45 749 [debug]: [프론트엔드로부터 전달받은 DELETE 파라미터]
22/07/08 14:53:45 749 [debug]: 클라이언트의 접속이 종료되었습니다. ::: [runtime] 1ms
22/07/08 14:53:45 749 [debug]: ------------------------------------------------------------
22/07/08 14:53:55 634 [debug]: 클라이언트가 접속했습니다.
22/07/08 14:53:55 634 [debug]: [client] ::ffff:127.0.0.1 / unknown / insomnia / 2022.4.2 / unknown
22/07/08 14:53:55 634 [debug]: [PUT] http://undefined/
22/07/08 14:53:55 635 [debug]: [프론트엔드로부터 전달받은 PUT 파라미터]
22/07/08 14:53:55 635 [debug]: 클라이언트의 접속이 종료되었습니다. ::: [runtime] 1ms
22/07/08 14:53:55 635 [debug]: ------------------------------------------------------------
22/07/08 14:54:42 013 [debug]: 클라이언트가 접속했습니다.
22/07/08 14:54:42 013 [debug]: [client] ::ffff:127.0.0.1 / unknown / insomnia / 2022.4.2 / unknown
22/07/08 14:54:42 013 [debug]: [POST] http://undefined/
22/07/08 14:54:42 015 [debug]: [프론트엔드로부터 전달받은 POST 파라미터]
22/07/08 14:54:42 015 [debug]: 클라이언트의 접속이 종료되었습니다. ::: [runtime] 2ms
22/07/08 14:54:42 016 [debug]: ------------------------------------------------------------
22/07/08 14:55:28 879 [debug]: 클라이언트가 접속했습니다.
22/07/08 14:55:28 880 [debug]: [client] ::ffff:127.0.0.1 / unknown / insomnia / 2022.4.2 / unknown
22/07/08 14:55:28 880 [debug]: [POST] http://undefined/
22/07/08 14:55:28 880 [debug]: [프론트엔드로부터 전달받은 POST 파라미터]
22/07/08 14:55:28 881 [debug]: 클라이언트의 접속이 종료되었습니다. ::: [runtime] 1ms
22/07/08 14:55:28 881 [debug]: ------------------------------------------------------------
22/07/08 14:55:56 463 [debug]: 클라이언트가 접속했습니다.
22/07/08 14:55:56 463 [debug]: [client] ::ffff:192.168.200.174 / unknown / insomnia / 2022.4.2 / unknown
22/07/08 14:55:56 463 [debug]: [POST] http://undefined/
22/07/08 14:55:56 464 [debug]: [프론트엔드로부터 전달받은 POST 파라미터]
22/07/08 14:55:56 464 [debug]: 클라이언트의 접속이 종료되었습니다. ::: [runtime] 1ms
22/07/08 14:55:56 464 [debug]: ------------------------------------------------------------
22/07/08 14:55:57 231 [debug]: 클라이언트가 접속했습니다.
22/07/08 14:55:57 232 [debug]: [client] ::ffff:192.168.200.174 / unknown / insomnia / 2022.4.2 / unknown
22/07/08 14:55:57 232 [debug]: [POST] http://undefined/
22/07/08 14:55:57 232 [debug]: [프론트엔드로부터 전달받은 POST 파라미터]
22/07/08 14:55:57 234 [debug]: 클라이언트의 접속이 종료되었습니다. ::: [runtime] 2ms
22/07/08 14:55:57 234 [debug]: ------------------------------------------------------------
22/07/08 14:56:03 329 [debug]: 클라이언트가 접속했습니다.
22/07/08 14:56:03 329 [debug]: [client] ::ffff:192.168.200.174 / unknown / insomnia / 2022.4.2 / unknown
22/07/08 14:56:03 330 [debug]: [POST] http://undefined/
22/07/08 14:56:03 330 [debug]: [프론트엔드로부터 전달받은 POST 파라미터]
22/07/08 14:56:03 331 [debug]: 클라이언트의 접속이 종료되었습니다. ::: [runtime] 2ms
22/07/08 14:56:03 331 [debug]: ------------------------------------------------------------
22/07/08 14:56:11 143 [debug]: 클라이언트가 접속했습니다.
22/07/08 14:56:11 143 [debug]: [client] ::ffff:192.168.200.174 / unknown / insomnia / 2022.4.2 / unknown
22/07/08 14:56:11 143 [debug]: [POST] http://undefined/
22/07/08 14:56:11 144 [debug]: [프론트엔드로부터 전달받은 POST 파라미터]
22/07/08 14:56:11 145 [debug]: 클라이언트의 접속이 종료되었습니다. ::: [runtime] 2ms
22/07/08 14:56:11 145 [debug]: ------------------------------------------------------------
22/07/08 14:56:12 616 [debug]: 클라이언트가 접속했습니다.
22/07/08 14:56:12 616 [debug]: [client] ::ffff:192.168.200.174 / unknown / insomnia / 2022.4.2 / unknown
22/07/08 14:56:12 616 [debug]: [POST] http://undefined/
22/07/08 14:56:12 617 [debug]: [프론트엔드로부터 전달받은 POST 파라미터]
22/07/08 14:56:12 618 [debug]: 클라이언트의 접속이 종료되었습니다. ::: [runtime] 2ms
22/07/08 14:56:12 618 [debug]: ------------------------------------------------------------
22/07/08 14:56:48 539 [debug]: 클라이언트가 접속했습니다.
22/07/08 14:56:48 539 [debug]: [client] ::ffff:192.168.200.174 / unknown / insomnia / 2022.4.2 / unknown
22/07/08 14:56:48 539 [debug]: [POST] http://undefined/
22/07/08 14:56:48 540 [debug]: [프론트엔드로부터 전달받은 POST 파라미터]
22/07/08 14:56:48 540 [debug]: t >>username=ee
22/07/08 14:56:48 541 [debug]: t >>email=ee
22/07/08 14:56:48 541 [debug]: 클라이언트의 접속이 종료되었습니다. ::: [runtime] 2ms
22/07/08 14:56:48 541 [debug]: ------------------------------------------------------------
22/07/08 14:57:09 329 [debug]: 클라이언트가 접속했습니다.
22/07/08 14:57:09 329 [debug]: [client] ::ffff:127.0.0.1 / unknown / insomnia / 2022.4.2 / unknown
22/07/08 14:57:09 329 [debug]: [PUT] http://undefined/
22/07/08 14:57:09 329 [debug]: [프론트엔드로부터 전달받은 PUT 파라미터]
22/07/08 14:57:09 330 [debug]: 	 >>username=22
22/07/08 14:57:09 330 [debug]: 	 >>grade=22
22/07/08 14:57:09 330 [debug]: 클라이언트의 접속이 종료되었습니다. ::: [runtime] 1ms
22/07/08 14:57:09 330 [debug]: ------------------------------------------------------------
22/07/08 14:57:25 212 [debug]: 클라이언트가 접속했습니다.
22/07/08 14:57:25 213 [debug]: [client] ::ffff:127.0.0.1 / unknown / insomnia / 2022.4.2 / unknown
22/07/08 14:57:25 213 [debug]: [DELETE] http://undefined/
22/07/08 14:57:25 213 [debug]: [프론트엔드로부터 전달받은 DELETE 파라미터]
22/07/08 14:57:25 213 [debug]: 	 >>username=eee
22/07/08 14:57:25 213 [debug]: 	 >>point=111
22/07/08 14:57:25 214 [debug]: 클라이언트의 접속이 종료되었습니다. ::: [runtime] 1ms
22/07/08 14:57:25 214 [debug]: ------------------------------------------------------------
22/07/08 14:58:20 045 [debug]: 클라이언트가 접속했습니다.
22/07/08 14:58:20 045 [debug]: [client] ::ffff:127.0.0.1 / unknown / insomnia / 2022.4.2 / unknown
22/07/08 14:58:20 045 [debug]: [GET] http://undefined/
22/07/08 14:58:20 048 [debug]: 클라이언트의 접속이 종료되었습니다. ::: [runtime] 3ms
22/07/08 14:58:20 048 [debug]: ------------------------------------------------------------
22/07/08 14:58:42 021 [debug]: 클라이언트가 접속했습니다.
22/07/08 14:58:42 022 [debug]: [client] ::ffff:127.0.0.1 / unknown / insomnia / 2022.4.2 / unknown
22/07/08 14:58:42 022 [debug]: [POST] http://undefined/
22/07/08 14:58:42 023 [debug]: 클라이언트의 접속이 종료되었습니다. ::: [runtime] 2ms
22/07/08 14:58:42 023 [debug]: ------------------------------------------------------------
22/07/08 14:58:43 350 [debug]: 클라이언트가 접속했습니다.
22/07/08 14:58:43 350 [debug]: [client] ::ffff:127.0.0.1 / unknown / insomnia / 2022.4.2 / unknown
22/07/08 14:58:43 350 [debug]: [POST] http://undefined/
22/07/08 14:58:43 352 [debug]: 클라이언트의 접속이 종료되었습니다. ::: [runtime] 2ms
22/07/08 14:58:43 352 [debug]: ------------------------------------------------------------
22/07/08 15:00:07 877 [debug]: 클라이언트가 접속했습니다.
22/07/08 15:00:07 877 [debug]: [client] ::ffff:127.0.0.1 / unknown / insomnia / 2022.4.2 / unknown
22/07/08 15:00:07 877 [debug]: [POST] http://undefined/
22/07/08 15:00:07 878 [debug]: 클라이언트의 접속이 종료되었습니다. ::: [runtime] 1ms
22/07/08 15:00:07 878 [debug]: ------------------------------------------------------------
22/07/08 15:00:08 572 [debug]: 클라이언트가 접속했습니다.
22/07/08 15:00:08 572 [debug]: [client] ::ffff:127.0.0.1 / unknown / insomnia / 2022.4.2 / unknown
22/07/08 15:00:08 572 [debug]: [POST] http://undefined/
22/07/08 15:00:08 574 [debug]: 클라이언트의 접속이 종료되었습니다. ::: [runtime] 2ms
22/07/08 15:00:08 574 [debug]: ------------------------------------------------------------
22/07/08 15:00:46 797 [debug]: -------------------------------------------------------------
22/07/08 15:00:46 799 [debug]: |               Start Express Server                         |
22/07/08 15:00:46 800 [debug]: -------------------------------------------------------------
22/07/08 15:00:46 800 [debug]: server adredd => http://192.168.200.174:3001
22/07/08 15:00:46 801 [debug]: -------------------------------------------------------------
22/07/08 15:00:50 961 [debug]: 클라이언트가 접속했습니다.
22/07/08 15:00:50 962 [debug]: [client] ::ffff:127.0.0.1 / unknown / insomnia / 2022.4.2 / unknown
22/07/08 15:00:50 963 [debug]: [POST] http://undefined/
22/07/08 15:00:50 980 [debug]: 클라이언트의 접속이 종료되었습니다. ::: [runtime] 18ms
22/07/08 15:00:50 980 [debug]: ------------------------------------------------------------
22/07/08 15:02:51 942 [debug]: 클라이언트가 접속했습니다.
22/07/08 15:02:51 942 [debug]: [client] ::ffff:192.168.200.174 / Windows 10.0 / Chrome / 103.0.0.0 / Microsoft Windows
22/07/08 15:02:51 943 [debug]: [GET] http://undefined/
22/07/08 15:02:51 946 [debug]: 클라이언트의 접속이 종료되었습니다. ::: [runtime] 4ms
22/07/08 15:02:51 947 [debug]: ------------------------------------------------------------
22/07/08 15:06:09 398 [debug]: 클라이언트가 접속했습니다.
22/07/08 15:06:09 398 [debug]: [client] ::ffff:127.0.0.1 / unknown / insomnia / 2022.4.2 / unknown
22/07/08 15:06:09 398 [debug]: [POST] http://undefined/
22/07/08 15:06:09 400 [debug]: 클라이언트의 접속이 종료되었습니다. ::: [runtime] 2ms
22/07/08 15:06:09 400 [debug]: ------------------------------------------------------------
22/07/08 15:06:10 106 [debug]: 클라이언트가 접속했습니다.
22/07/08 15:06:10 106 [debug]: [client] ::ffff:127.0.0.1 / unknown / insomnia / 2022.4.2 / unknown
22/07/08 15:06:10 106 [debug]: [POST] http://undefined/
22/07/08 15:06:10 107 [debug]: 클라이언트의 접속이 종료되었습니다. ::: [runtime] 1ms
22/07/08 15:06:10 107 [debug]: ------------------------------------------------------------
22/07/08 15:10:16 922 [debug]: 클라이언트가 접속했습니다.
22/07/08 15:10:16 922 [debug]: [client] ::ffff:127.0.0.1 / unknown / insomnia / 2022.4.2 / unknown
22/07/08 15:10:16 922 [debug]: [POST] http://undefined/
22/07/08 15:10:16 923 [debug]: 클라이언트의 접속이 종료되었습니다. ::: [runtime] 1ms
22/07/08 15:10:16 923 [debug]: ------------------------------------------------------------
22/07/08 15:10:39 175 [debug]: 클라이언트가 접속했습니다.
22/07/08 15:10:39 175 [debug]: [client] ::ffff:127.0.0.1 / unknown / insomnia / 2022.4.2 / unknown
22/07/08 15:10:39 175 [debug]: [POST] http://undefined/
22/07/08 15:10:39 177 [debug]: 클라이언트의 접속이 종료되었습니다. ::: [runtime] 2ms
22/07/08 15:10:39 177 [debug]: ------------------------------------------------------------
22/07/08 15:10:39 878 [debug]: 클라이언트가 접속했습니다.
22/07/08 15:10:39 879 [debug]: [client] ::ffff:127.0.0.1 / unknown / insomnia / 2022.4.2 / unknown
22/07/08 15:10:39 879 [debug]: [POST] http://undefined/
22/07/08 15:10:39 880 [debug]: 클라이언트의 접속이 종료되었습니다. ::: [runtime] 1ms
22/07/08 15:10:39 880 [debug]: ------------------------------------------------------------
22/07/08 15:10:44 801 [debug]: 클라이언트가 접속했습니다.
22/07/08 15:10:44 801 [debug]: [client] ::ffff:127.0.0.1 / unknown / insomnia / 2022.4.2 / unknown
22/07/08 15:10:44 801 [debug]: [POST] http://undefined/
22/07/08 15:10:44 802 [debug]: 클라이언트의 접속이 종료되었습니다. ::: [runtime] 1ms
22/07/08 15:10:44 802 [debug]: ------------------------------------------------------------
22/07/08 15:10:46 486 [debug]: 클라이언트가 접속했습니다.
22/07/08 15:10:46 486 [debug]: [client] ::ffff:127.0.0.1 / unknown / insomnia / 2022.4.2 / unknown
22/07/08 15:10:46 486 [debug]: [POST] http://undefined/
22/07/08 15:10:46 489 [debug]: 클라이언트의 접속이 종료되었습니다. ::: [runtime] 3ms
22/07/08 15:10:46 489 [debug]: ------------------------------------------------------------
22/07/08 15:10:54 662 [debug]: 클라이언트가 접속했습니다.
22/07/08 15:10:54 662 [debug]: [client] ::ffff:127.0.0.1 / unknown / insomnia / 2022.4.2 / unknown
22/07/08 15:10:54 663 [debug]: [POST] http://undefined/
22/07/08 15:10:54 664 [debug]: 클라이언트의 접속이 종료되었습니다. ::: [runtime] 2ms
22/07/08 15:10:54 664 [debug]: ------------------------------------------------------------
22/07/08 15:11:00 333 [debug]: 클라이언트가 접속했습니다.
22/07/08 15:11:00 334 [debug]: [client] ::ffff:127.0.0.1 / unknown / insomnia / 2022.4.2 / unknown
22/07/08 15:11:00 334 [debug]: [POST] http://undefined/
22/07/08 15:11:00 335 [debug]: 클라이언트의 접속이 종료되었습니다. ::: [runtime] 1ms
22/07/08 15:11:00 335 [debug]: ------------------------------------------------------------
22/07/08 15:11:01 110 [debug]: 클라이언트가 접속했습니다.
22/07/08 15:11:01 110 [debug]: [client] ::ffff:127.0.0.1 / unknown / insomnia / 2022.4.2 / unknown
22/07/08 15:11:01 110 [debug]: [POST] http://undefined/
22/07/08 15:11:01 111 [debug]: 클라이언트의 접속이 종료되었습니다. ::: [runtime] 1ms
22/07/08 15:11:01 111 [debug]: ------------------------------------------------------------
22/07/08 15:11:04 476 [debug]: 클라이언트가 접속했습니다.
22/07/08 15:11:04 476 [debug]: [client] ::ffff:127.0.0.1 / unknown / insomnia / 2022.4.2 / unknown
22/07/08 15:11:04 476 [debug]: [POST] http://undefined/
22/07/08 15:11:04 477 [debug]: 클라이언트의 접속이 종료되었습니다. ::: [runtime] 1ms
22/07/08 15:11:04 477 [debug]: ------------------------------------------------------------
22/07/08 15:11:16 694 [debug]: 클라이언트가 접속했습니다.
22/07/08 15:11:16 695 [debug]: [client] ::ffff:127.0.0.1 / unknown / insomnia / 2022.4.2 / unknown
22/07/08 15:11:16 695 [debug]: [POST] http://undefined/
22/07/08 15:11:16 696 [debug]: 클라이언트의 접속이 종료되었습니다. ::: [runtime] 1ms
22/07/08 15:11:16 697 [debug]: ------------------------------------------------------------
22/07/08 15:11:24 929 [debug]: 클라이언트가 접속했습니다.
22/07/08 15:11:24 929 [debug]: [client] ::ffff:127.0.0.1 / unknown / insomnia / 2022.4.2 / unknown
22/07/08 15:11:24 930 [debug]: [POST] http://undefined/
22/07/08 15:11:24 931 [debug]: 클라이언트의 접속이 종료되었습니다. ::: [runtime] 2ms
22/07/08 15:11:24 931 [debug]: ------------------------------------------------------------
22/07/08 15:11:57 794 [debug]: 클라이언트가 접속했습니다.
22/07/08 15:11:57 795 [debug]: [client] ::ffff:127.0.0.1 / unknown / insomnia / 2022.4.2 / unknown
22/07/08 15:11:57 795 [debug]: [GET] http://undefined/
22/07/08 15:11:57 796 [debug]: 클라이언트의 접속이 종료되었습니다. ::: [runtime] 2ms
22/07/08 15:11:57 796 [debug]: ------------------------------------------------------------
22/07/08 15:12:02 287 [debug]: 클라이언트가 접속했습니다.
22/07/08 15:12:02 287 [debug]: [client] ::ffff:127.0.0.1 / unknown / insomnia / 2022.4.2 / unknown
22/07/08 15:12:02 287 [debug]: [GET] http://undefined/
22/07/08 15:12:02 289 [debug]: 클라이언트의 접속이 종료되었습니다. ::: [runtime] 2ms
22/07/08 15:12:02 289 [debug]: ------------------------------------------------------------
22/07/08 15:18:02 579 [debug]: -------------------------------------------------------------
22/07/08 15:18:02 581 [debug]: |               Start Express Server                         |
22/07/08 15:18:02 582 [debug]: -------------------------------------------------------------
22/07/08 15:18:02 582 [debug]: server adredd => http://192.168.200.174:3001
22/07/08 15:18:02 583 [debug]: -------------------------------------------------------------
22/07/08 15:18:11 348 [debug]: 클라이언트가 접속했습니다.
22/07/08 15:18:11 349 [debug]: [client] ::ffff:127.0.0.1 / unknown / insomnia / 2022.4.2 / unknown
22/07/08 15:18:11 350 [debug]: [GET] http://undefined/
22/07/08 15:18:11 375 [debug]: 클라이언트의 접속이 종료되었습니다. ::: [runtime] 26ms
22/07/08 15:18:11 375 [debug]: ------------------------------------------------------------
22/07/08 17:00:47 105 [debug]: 클라이언트가 접속했습니다.
22/07/08 17:00:47 106 [debug]: [client] ::ffff:192.168.200.174 / unknown / insomnia / 2022.4.2 / unknown
22/07/08 17:00:47 106 [debug]: [POST] http://undefined/
22/07/08 17:00:47 108 [debug]: [프론트엔드로부터 전달받은 POST 파라미터]
22/07/08 17:00:47 108 [debug]: t >>username=ee
22/07/08 17:00:47 108 [debug]: t >>email=ee
22/07/08 17:00:47 110 [debug]: 클라이언트의 접속이 종료되었습니다. ::: [runtime] 4ms
22/07/08 17:00:47 110 [debug]: ------------------------------------------------------------
22/07/08 17:05:07 617 [debug]: 클라이언트가 접속했습니다.
22/07/08 17:05:07 617 [debug]: [client] ::ffff:127.0.0.1 / unknown / insomnia / 2022.4.2 / unknown
22/07/08 17:05:07 618 [debug]: [GET] http://undefined/
22/07/08 17:05:07 623 [debug]: 클라이언트의 접속이 종료되었습니다. ::: [runtime] 6ms
22/07/08 17:05:07 624 [debug]: ------------------------------------------------------------
22/07/08 17:07:21 381 [debug]: -------------------------------------------------------------
22/07/08 17:07:21 383 [debug]: |               Start Express Server                         |
22/07/08 17:07:21 384 [debug]: -------------------------------------------------------------
22/07/08 17:07:21 384 [debug]: server adredd => http://192.168.200.174:3001
22/07/08 17:07:21 384 [debug]: -------------------------------------------------------------
22/07/08 17:07:26 352 [debug]: 클라이언트가 접속했습니다.
22/07/08 17:07:26 353 [debug]: [client] ::ffff:127.0.0.1 / unknown / insomnia / 2022.4.2 / unknown
22/07/08 17:07:26 354 [debug]: [GET] http://undefined/
22/07/08 17:07:26 360 [debug]: 클라이언트의 접속이 종료되었습니다. ::: [runtime] 7ms
22/07/08 17:07:26 360 [debug]: ------------------------------------------------------------
22/07/08 17:07:31 105 [debug]: 클라이언트가 접속했습니다.
22/07/08 17:07:31 106 [debug]: [client] ::ffff:127.0.0.1 / unknown / insomnia / 2022.4.2 / unknown
22/07/08 17:07:31 106 [debug]: [GET] http://undefined/
22/07/08 17:07:31 108 [debug]: 클라이언트의 접속이 종료되었습니다. ::: [runtime] 3ms
22/07/08 17:07:31 108 [debug]: ------------------------------------------------------------
22/07/08 17:07:44 205 [debug]: 클라이언트가 접속했습니다.
22/07/08 17:07:44 205 [debug]: [client] ::ffff:127.0.0.1 / unknown / insomnia / 2022.4.2 / unknown
22/07/08 17:07:44 206 [debug]: [GET] http://undefined/
22/07/08 17:07:44 207 [debug]: 클라이언트의 접속이 종료되었습니다. ::: [runtime] 2ms
22/07/08 17:07:44 207 [debug]: ------------------------------------------------------------
22/07/08 17:08:32 677 [debug]: 클라이언트가 접속했습니다.
22/07/08 17:08:32 678 [debug]: [client] ::ffff:127.0.0.1 / unknown / insomnia / 2022.4.2 / unknown
22/07/08 17:08:32 678 [debug]: [GET] http://undefined/
22/07/08 17:08:32 690 [debug]: 클라이언트의 접속이 종료되었습니다. ::: [runtime] 12ms
22/07/08 17:08:32 691 [debug]: ------------------------------------------------------------
22/07/08 17:08:33 323 [debug]: 클라이언트가 접속했습니다.
22/07/08 17:08:33 324 [debug]: [client] ::ffff:127.0.0.1 / unknown / insomnia / 2022.4.2 / unknown
22/07/08 17:08:33 324 [debug]: [GET] http://undefined/
22/07/08 17:08:33 325 [debug]: 클라이언트의 접속이 종료되었습니다. ::: [runtime] 1ms
22/07/08 17:08:33 326 [debug]: ------------------------------------------------------------
22/07/08 17:08:33 939 [debug]: 클라이언트가 접속했습니다.
22/07/08 17:08:33 939 [debug]: [client] ::ffff:127.0.0.1 / unknown / insomnia / 2022.4.2 / unknown
22/07/08 17:08:33 939 [debug]: [GET] http://undefined/
22/07/08 17:08:33 940 [debug]: 클라이언트의 접속이 종료되었습니다. ::: [runtime] 1ms
22/07/08 17:08:33 941 [debug]: ------------------------------------------------------------
22/07/08 17:09:11 521 [debug]: 클라이언트가 접속했습니다.
22/07/08 17:09:11 521 [debug]: [client] ::ffff:127.0.0.1 / unknown / insomnia / 2022.4.2 / unknown
22/07/08 17:09:11 521 [debug]: [GET] http://undefined/
22/07/08 17:09:11 523 [debug]: 클라이언트의 접속이 종료되었습니다. ::: [runtime] 2ms
22/07/08 17:09:11 523 [debug]: ------------------------------------------------------------
22/07/08 17:09:19 778 [debug]: 클라이언트가 접속했습니다.
22/07/08 17:09:19 778 [debug]: [client] ::ffff:127.0.0.1 / unknown / insomnia / 2022.4.2 / unknown
22/07/08 17:09:19 778 [debug]: [GET] http://undefined/
22/07/08 17:09:19 779 [debug]: 클라이언트의 접속이 종료되었습니다. ::: [runtime] 1ms
22/07/08 17:09:19 780 [debug]: ------------------------------------------------------------
22/07/08 17:09:20 671 [debug]: 클라이언트가 접속했습니다.
22/07/08 17:09:20 671 [debug]: [client] ::ffff:127.0.0.1 / unknown / insomnia / 2022.4.2 / unknown
22/07/08 17:09:20 671 [debug]: [GET] http://undefined/
22/07/08 17:09:20 673 [debug]: 클라이언트의 접속이 종료되었습니다. ::: [runtime] 2ms
22/07/08 17:09:20 673 [debug]: ------------------------------------------------------------
22/07/08 17:09:35 947 [debug]: 클라이언트가 접속했습니다.
22/07/08 17:09:35 947 [debug]: [client] ::ffff:127.0.0.1 / unknown / insomnia / 2022.4.2 / unknown
22/07/08 17:09:35 948 [debug]: [GET] http://undefined/
22/07/08 17:09:35 949 [debug]: 클라이언트의 접속이 종료되었습니다. ::: [runtime] 2ms
22/07/08 17:09:35 949 [debug]: ------------------------------------------------------------
22/07/08 17:09:36 815 [debug]: 클라이언트가 접속했습니다.
22/07/08 17:09:36 815 [debug]: [client] ::ffff:127.0.0.1 / unknown / insomnia / 2022.4.2 / unknown
22/07/08 17:09:36 815 [debug]: [GET] http://undefined/
22/07/08 17:09:36 817 [debug]: 클라이언트의 접속이 종료되었습니다. ::: [runtime] 2ms
22/07/08 17:09:36 818 [debug]: ------------------------------------------------------------
22/07/08 17:11:44 295 [debug]: 클라이언트가 접속했습니다.
22/07/08 17:11:44 295 [debug]: [client] ::ffff:127.0.0.1 / unknown / insomnia / 2022.4.2 / unknown
22/07/08 17:11:44 295 [debug]: [GET] http://undefined/
22/07/08 17:11:44 297 [debug]: 클라이언트의 접속이 종료되었습니다. ::: [runtime] 2ms
22/07/08 17:11:44 297 [debug]: ------------------------------------------------------------
22/07/08 17:11:45 161 [debug]: 클라이언트가 접속했습니다.
22/07/08 17:11:45 161 [debug]: [client] ::ffff:127.0.0.1 / unknown / insomnia / 2022.4.2 / unknown
22/07/08 17:11:45 161 [debug]: [GET] http://undefined/
22/07/08 17:11:45 163 [debug]: 클라이언트의 접속이 종료되었습니다. ::: [runtime] 2ms
22/07/08 17:11:45 163 [debug]: ------------------------------------------------------------
22/07/08 17:12:40 372 [debug]: 클라이언트가 접속했습니다.
22/07/08 17:12:40 373 [debug]: [client] ::ffff:192.168.200.174 / Windows 10.0 / Chrome / 103.0.0.0 / Microsoft Windows
22/07/08 17:12:40 373 [debug]: [GET] http://undefined/
22/07/08 17:12:40 374 [debug]: 클라이언트의 접속이 종료되었습니다. ::: [runtime] 1ms
22/07/08 17:12:40 374 [debug]: ------------------------------------------------------------
22/07/08 17:12:41 364 [debug]: 클라이언트가 접속했습니다.
22/07/08 17:12:41 364 [debug]: [client] ::ffff:192.168.200.174 / Windows 10.0 / Chrome / 103.0.0.0 / Microsoft Windows
22/07/08 17:12:41 364 [debug]: [GET] http://undefined/
22/07/08 17:12:41 365 [debug]: 클라이언트의 접속이 종료되었습니다. ::: [runtime] 1ms
22/07/08 17:12:41 366 [debug]: ------------------------------------------------------------
22/07/08 17:13:03 366 [debug]: 클라이언트가 접속했습니다.
22/07/08 17:13:03 366 [debug]: [client] ::ffff:127.0.0.1 / unknown / insomnia / 2022.4.2 / unknown
22/07/08 17:13:03 367 [debug]: [GET] http://undefined/
22/07/08 17:13:03 368 [debug]: 클라이언트의 접속이 종료되었습니다. ::: [runtime] 2ms
22/07/08 17:13:03 368 [debug]: ------------------------------------------------------------
22/07/08 17:13:24 164 [debug]: 클라이언트가 접속했습니다.
22/07/08 17:13:24 164 [debug]: [client] ::ffff:127.0.0.1 / unknown / insomnia / 2022.4.2 / unknown
22/07/08 17:13:24 164 [debug]: [GET] http://undefined/
22/07/08 17:13:24 165 [debug]: 클라이언트의 접속이 종료되었습니다. ::: [runtime] 1ms
22/07/08 17:13:24 166 [debug]: ------------------------------------------------------------
22/07/08 17:14:18 765 [debug]: 클라이언트가 접속했습니다.
22/07/08 17:14:18 765 [debug]: [client] ::ffff:127.0.0.1 / unknown / insomnia / 2022.4.2 / unknown
22/07/08 17:14:18 765 [debug]: [POST] http://undefined/
22/07/08 17:14:18 767 [debug]: 클라이언트의 접속이 종료되었습니다. ::: [runtime] 2ms
22/07/08 17:14:18 767 [debug]: ------------------------------------------------------------
22/07/08 17:14:20 328 [debug]: 클라이언트가 접속했습니다.
22/07/08 17:14:20 328 [debug]: [client] ::ffff:127.0.0.1 / unknown / insomnia / 2022.4.2 / unknown
22/07/08 17:14:20 328 [debug]: [POST] http://undefined/
22/07/08 17:14:20 329 [debug]: 클라이언트의 접속이 종료되었습니다. ::: [runtime] 1ms
22/07/08 17:14:20 329 [debug]: ------------------------------------------------------------
22/07/08 17:14:25 409 [debug]: 클라이언트가 접속했습니다.
22/07/08 17:14:25 410 [debug]: [client] ::ffff:127.0.0.1 / unknown / insomnia / 2022.4.2 / unknown
22/07/08 17:14:25 410 [debug]: [POST] http://undefined/
22/07/08 17:14:25 411 [debug]: 클라이언트의 접속이 종료되었습니다. ::: [runtime] 1ms
22/07/08 17:14:25 411 [debug]: ------------------------------------------------------------
22/07/08 17:14:26 049 [debug]: 클라이언트가 접속했습니다.
22/07/08 17:14:26 050 [debug]: [client] ::ffff:127.0.0.1 / unknown / insomnia / 2022.4.2 / unknown
22/07/08 17:14:26 050 [debug]: [POST] http://undefined/
22/07/08 17:14:26 051 [debug]: 클라이언트의 접속이 종료되었습니다. ::: [runtime] 1ms
22/07/08 17:14:26 051 [debug]: ------------------------------------------------------------
22/07/08 17:16:31 429 [debug]: 클라이언트가 접속했습니다.
22/07/08 17:18:38 687 [debug]: -------------------------------------------------------------
22/07/08 17:18:38 689 [debug]: |               Start Express Server                         |
22/07/08 17:18:38 689 [debug]: -------------------------------------------------------------
22/07/08 17:18:38 690 [debug]: server adredd => http://192.168.200.174:3001
22/07/08 17:18:38 690 [debug]: -------------------------------------------------------------
22/07/08 17:18:53 352 [debug]: 클라이언트가 접속했습니다.
22/07/08 17:18:53 352 [debug]: [client] ::ffff:127.0.0.1 / unknown / insomnia / 2022.4.2 / unknown
22/07/08 17:18:53 353 [debug]: [POST] http://undefined/
22/07/08 17:18:53 376 [debug]: 클라이언트의 접속이 종료되었습니다. ::: [runtime] 24ms
22/07/08 17:18:53 377 [debug]: ------------------------------------------------------------
22/07/08 17:19:37 044 [debug]: 클라이언트가 접속했습니다.
22/07/08 17:19:37 044 [debug]: [client] ::ffff:127.0.0.1 / unknown / insomnia / 2022.4.2 / unknown
22/07/08 17:19:37 044 [debug]: [GET] http://undefined/
22/07/08 17:19:37 047 [debug]: 클라이언트의 접속이 종료되었습니다. ::: [runtime] 3ms
22/07/08 17:19:37 047 [debug]: ------------------------------------------------------------
22/07/08 17:19:38 773 [debug]: 클라이언트가 접속했습니다.
22/07/08 17:19:38 773 [debug]: [client] ::ffff:127.0.0.1 / unknown / insomnia / 2022.4.2 / unknown
22/07/08 17:19:38 774 [debug]: [GET] http://undefined/
22/07/08 17:19:38 775 [debug]: 클라이언트의 접속이 종료되었습니다. ::: [runtime] 2ms
22/07/08 17:19:38 775 [debug]: ------------------------------------------------------------
22/07/08 17:19:50 952 [debug]: 클라이언트가 접속했습니다.
22/07/08 17:19:50 952 [debug]: [client] ::ffff:127.0.0.1 / unknown / insomnia / 2022.4.2 / unknown
22/07/08 17:19:50 952 [debug]: [GET] http://undefined/
22/07/08 17:19:50 954 [debug]: 클라이언트의 접속이 종료되었습니다. ::: [runtime] 2ms
22/07/08 17:19:50 955 [debug]: ------------------------------------------------------------
22/07/08 17:19:51 667 [debug]: 클라이언트가 접속했습니다.
22/07/08 17:19:51 667 [debug]: [client] ::ffff:127.0.0.1 / unknown / insomnia / 2022.4.2 / unknown
22/07/08 17:19:51 667 [debug]: [GET] http://undefined/
22/07/08 17:19:51 669 [debug]: 클라이언트의 접속이 종료되었습니다. ::: [runtime] 2ms
22/07/08 17:19:51 669 [debug]: ------------------------------------------------------------
22/07/08 17:21:47 559 [debug]: -------------------------------------------------------------
22/07/08 17:21:47 561 [debug]: |               Start Express Server                         |
22/07/08 17:21:47 561 [debug]: -------------------------------------------------------------
22/07/08 17:21:47 562 [debug]: server adredd => http://192.168.200.174:3001
22/07/08 17:21:47 562 [debug]: -------------------------------------------------------------
22/07/08 17:21:51 501 [debug]: 클라이언트가 접속했습니다.
22/07/08 17:21:51 501 [debug]: [client] ::ffff:127.0.0.1 / unknown / insomnia / 2022.4.2 / unknown
22/07/08 17:21:51 502 [debug]: [GET] http://undefined/
22/07/08 17:21:51 508 [debug]: 클라이언트의 접속이 종료되었습니다. ::: [runtime] 7ms
22/07/08 17:21:51 508 [debug]: ------------------------------------------------------------
22/07/08 17:23:41 727 [debug]: -------------------------------------------------------------
22/07/08 17:23:41 729 [debug]: |               Start Express Server                         |
22/07/08 17:23:41 729 [debug]: -------------------------------------------------------------
22/07/08 17:23:41 730 [debug]: server adredd => http://192.168.200.174:3001
22/07/08 17:23:41 730 [debug]: -------------------------------------------------------------
22/07/08 17:23:48 957 [debug]: 클라이언트가 접속했습니다.
22/07/08 17:23:48 957 [debug]: [client] ::ffff:127.0.0.1 / unknown / insomnia / 2022.4.2 / unknown
22/07/08 17:23:48 958 [debug]: [POST] http://undefined/
22/07/08 17:23:48 976 [debug]: 클라이언트의 접속이 종료되었습니다. ::: [runtime] 19ms
22/07/08 17:23:48 976 [debug]: ------------------------------------------------------------
22/07/08 17:24:18 839 [debug]: 클라이언트가 접속했습니다.
22/07/08 17:24:18 840 [debug]: [client] ::ffff:127.0.0.1 / unknown / insomnia / 2022.4.2 / unknown
22/07/08 17:24:18 840 [debug]: [PUT] http://undefined/
22/07/08 17:24:18 842 [debug]: 클라이언트의 접속이 종료되었습니다. ::: [runtime] 2ms
22/07/08 17:24:18 843 [debug]: ------------------------------------------------------------
22/07/08 17:24:34 334 [debug]: 클라이언트가 접속했습니다.
22/07/08 17:24:34 334 [debug]: [client] ::ffff:127.0.0.1 / unknown / insomnia / 2022.4.2 / unknown
22/07/08 17:24:34 334 [debug]: [PUT] http://undefined/
22/07/08 17:24:34 336 [debug]: 클라이언트의 접속이 종료되었습니다. ::: [runtime] 2ms
22/07/08 17:24:34 336 [debug]: ------------------------------------------------------------
22/07/08 17:25:10 765 [debug]: 클라이언트가 접속했습니다.
22/07/08 17:25:10 765 [debug]: [client] ::ffff:127.0.0.1 / unknown / insomnia / 2022.4.2 / unknown
22/07/08 17:25:10 766 [debug]: [PUT] http://undefined/
22/07/08 17:25:10 767 [debug]: 클라이언트의 접속이 종료되었습니다. ::: [runtime] 2ms
22/07/08 17:25:10 767 [debug]: ------------------------------------------------------------
22/07/08 17:26:03 864 [debug]: 클라이언트가 접속했습니다.
22/07/08 17:26:03 864 [debug]: [client] ::ffff:127.0.0.1 / unknown / insomnia / 2022.4.2 / unknown
22/07/08 17:26:03 864 [debug]: [DELETE] http://undefined/
22/07/08 17:26:03 865 [debug]: 클라이언트의 접속이 종료되었습니다. ::: [runtime] 1ms
22/07/08 17:26:03 865 [debug]: ------------------------------------------------------------
22/07/08 17:26:19 899 [debug]: 클라이언트가 접속했습니다.
22/07/08 17:26:19 899 [debug]: [client] ::ffff:127.0.0.1 / unknown / insomnia / 2022.4.2 / unknown
22/07/08 17:26:19 899 [debug]: [DELETE] http://undefined/
22/07/08 17:26:19 900 [debug]: 클라이언트의 접속이 종료되었습니다. ::: [runtime] 1ms
22/07/08 17:26:19 900 [debug]: ------------------------------------------------------------
22/07/08 17:26:41 785 [debug]: 클라이언트가 접속했습니다.
22/07/08 17:26:41 785 [debug]: [client] ::ffff:127.0.0.1 / unknown / insomnia / 2022.4.2 / unknown
22/07/08 17:26:41 785 [debug]: [DELETE] http://undefined/
22/07/08 17:26:41 786 [debug]: 클라이언트의 접속이 종료되었습니다. ::: [runtime] 1ms
22/07/08 17:26:41 786 [debug]: ------------------------------------------------------------
22/07/08 17:26:42 424 [debug]: 클라이언트가 접속했습니다.
22/07/08 17:26:42 425 [debug]: [client] ::ffff:127.0.0.1 / unknown / insomnia / 2022.4.2 / unknown
22/07/08 17:26:42 425 [debug]: [DELETE] http://undefined/
22/07/08 17:26:42 426 [debug]: 클라이언트의 접속이 종료되었습니다. ::: [runtime] 1ms
22/07/08 17:26:42 426 [debug]: ------------------------------------------------------------
22/07/08 17:42:47 841 [debug]: -------------------------------------------------------------
22/07/08 17:42:47 843 [debug]: |               Start Express Server                         |
22/07/08 17:42:47 844 [debug]: -------------------------------------------------------------
22/07/08 17:42:47 844 [debug]: server adredd => http://192.168.200.174:3001
22/07/08 17:42:47 844 [debug]: -------------------------------------------------------------
22/07/08 17:43:27 378 [debug]: 클라이언트가 접속했습니다.
22/07/08 17:43:27 379 [debug]: [client] ::ffff:127.0.0.1 / unknown / insomnia / 2022.4.2 / unknown
22/07/08 17:43:27 380 [debug]: [POST] http://undefined/
22/07/08 17:43:27 387 [debug]: 클라이언트의 접속이 종료되었습니다. ::: [runtime] 8ms
22/07/08 17:43:27 387 [debug]: ------------------------------------------------------------
22/07/08 17:43:59 214 [debug]: 클라이언트가 접속했습니다.
22/07/08 17:43:59 214 [debug]: [client] ::ffff:127.0.0.1 / unknown / insomnia / 2022.4.2 / unknown
22/07/08 17:43:59 214 [debug]: [POST] http://undefined/
22/07/08 17:43:59 216 [debug]: 클라이언트의 접속이 종료되었습니다. ::: [runtime] 2ms
22/07/08 17:43:59 216 [debug]: ------------------------------------------------------------
22/07/08 17:44:43 749 [debug]: 클라이언트가 접속했습니다.
22/07/08 17:44:43 749 [debug]: [client] ::ffff:127.0.0.1 / unknown / insomnia / 2022.4.2 / unknown
22/07/08 17:44:43 749 [debug]: [POST] http://undefined/
22/07/08 17:44:43 750 [debug]: 클라이언트의 접속이 종료되었습니다. ::: [runtime] 1ms
22/07/08 17:44:43 750 [debug]: ------------------------------------------------------------
22/07/08 17:44:57 152 [debug]: 클라이언트가 접속했습니다.
22/07/08 17:44:57 152 [debug]: [client] ::ffff:127.0.0.1 / unknown / insomnia / 2022.4.2 / unknown
22/07/08 17:44:57 153 [debug]: [GET] http://undefined/
22/07/08 17:44:57 154 [debug]: [cookies] my_msg=undefined
22/07/08 17:44:57 154 [debug]: [signedCookies] my_msg_signed=undefined
22/07/08 17:44:57 155 [debug]: 클라이언트의 접속이 종료되었습니다. ::: [runtime] 3ms
22/07/08 17:44:57 155 [debug]: ------------------------------------------------------------
22/07/08 17:45:04 005 [debug]: 클라이언트가 접속했습니다.
22/07/08 17:45:04 006 [debug]: [client] ::ffff:127.0.0.1 / unknown / insomnia / 2022.4.2 / unknown
22/07/08 17:45:04 006 [debug]: [POST] http://undefined/
22/07/08 17:45:04 007 [debug]: 클라이언트의 접속이 종료되었습니다. ::: [runtime] 1ms
22/07/08 17:45:04 007 [debug]: ------------------------------------------------------------
22/07/08 17:45:08 815 [debug]: 클라이언트가 접속했습니다.
22/07/08 17:45:08 815 [debug]: [client] ::ffff:127.0.0.1 / unknown / insomnia / 2022.4.2 / unknown
22/07/08 17:45:08 816 [debug]: [GET] http://undefined/
22/07/08 17:45:08 816 [debug]: [cookies] my_msg=undefined
22/07/08 17:45:08 817 [debug]: [signedCookies] my_msg_signed=undefined
22/07/08 17:45:08 817 [debug]: 클라이언트의 접속이 종료되었습니다. ::: [runtime] 2ms
22/07/08 17:45:08 817 [debug]: ------------------------------------------------------------
22/07/08 17:45:17 029 [debug]: 클라이언트가 접속했습니다.
22/07/08 17:45:17 029 [debug]: [client] ::ffff:127.0.0.1 / unknown / insomnia / 2022.4.2 / unknown
22/07/08 17:45:17 029 [debug]: [GET] http://undefined/
22/07/08 17:45:17 030 [debug]: [cookies] my_msg=undefined
22/07/08 17:45:17 030 [debug]: [signedCookies] my_msg_signed=undefined
22/07/08 17:45:17 031 [debug]: 클라이언트의 접속이 종료되었습니다. ::: [runtime] 2ms
22/07/08 17:45:17 031 [debug]: ------------------------------------------------------------
22/07/08 17:46:11 237 [debug]: 클라이언트가 접속했습니다.
22/07/08 17:46:11 238 [debug]: [client] ::ffff:127.0.0.1 / unknown / insomnia / 2022.4.2 / unknown
22/07/08 17:46:11 238 [debug]: [POST] http://undefined/
22/07/08 17:46:11 239 [debug]: 클라이언트의 접속이 종료되었습니다. ::: [runtime] 1ms
22/07/08 17:46:11 239 [debug]: ------------------------------------------------------------
22/07/08 19:22:11 109 [debug]: 클라이언트가 접속했습니다.
22/07/08 19:22:11 109 [debug]: [client] ::ffff:127.0.0.1 / unknown / insomnia / 2022.4.2 / unknown
22/07/08 19:22:11 109 [debug]: [GET] http://undefined/
22/07/08 19:22:11 110 [debug]: 클라이언트의 접속이 종료되었습니다. ::: [runtime] 1ms
22/07/08 19:22:11 111 [debug]: ------------------------------------------------------------
22/07/08 19:22:13 945 [debug]: 클라이언트가 접속했습니다.
22/07/08 19:22:13 945 [debug]: [client] ::ffff:127.0.0.1 / unknown / insomnia / 2022.4.2 / unknown
22/07/08 19:22:13 946 [debug]: [GET] http://undefined/
22/07/08 19:22:13 947 [debug]: 클라이언트의 접속이 종료되었습니다. ::: [runtime] 2ms
22/07/08 19:22:13 947 [debug]: ------------------------------------------------------------
22/07/08 19:22:16 523 [debug]: 클라이언트가 접속했습니다.
22/07/08 19:22:16 523 [debug]: [client] ::ffff:127.0.0.1 / unknown / insomnia / 2022.4.2 / unknown
22/07/08 19:22:16 523 [debug]: [POST] http://undefined/
22/07/08 19:22:16 524 [debug]: 클라이언트의 접속이 종료되었습니다. ::: [runtime] 1ms
22/07/08 19:22:16 524 [debug]: ------------------------------------------------------------
22/07/08 19:22:22 519 [debug]: 클라이언트가 접속했습니다.
22/07/08 19:22:22 519 [debug]: [client] ::ffff:127.0.0.1 / unknown / insomnia / 2022.4.2 / unknown
22/07/08 19:22:22 519 [debug]: [GET] http://undefined/
22/07/08 19:22:22 520 [debug]: [cookies] my_msg=undefined
22/07/08 19:22:22 520 [debug]: [signedCookies] my_msg_signed=undefined
22/07/08 19:22:22 521 [debug]: 클라이언트의 접속이 종료되었습니다. ::: [runtime] 2ms
22/07/08 19:22:22 521 [debug]: ------------------------------------------------------------
22/07/08 19:22:53 654 [debug]: 클라이언트가 접속했습니다.
22/07/08 19:22:53 654 [debug]: [client] ::ffff:127.0.0.1 / unknown / insomnia / 2022.4.2 / unknown
22/07/08 19:22:53 654 [debug]: [DELETE] http://undefined/
22/07/08 19:22:53 655 [debug]: 클라이언트의 접속이 종료되었습니다. ::: [runtime] 1ms
22/07/08 19:22:53 655 [debug]: ------------------------------------------------------------
22/07/08 19:27:22 439 [debug]: 클라이언트가 접속했습니다.
22/07/08 19:27:22 439 [debug]: [client] ::ffff:127.0.0.1 / unknown / insomnia / 2022.4.2 / unknown
22/07/08 19:27:22 439 [debug]: [DELETE] http://undefined/
22/07/08 19:27:22 440 [debug]: 클라이언트의 접속이 종료되었습니다. ::: [runtime] 1ms
22/07/08 19:27:22 440 [debug]: ------------------------------------------------------------
22/07/08 19:27:23 216 [debug]: 클라이언트가 접속했습니다.
22/07/08 19:27:23 216 [debug]: [client] ::ffff:127.0.0.1 / unknown / insomnia / 2022.4.2 / unknown
22/07/08 19:27:23 216 [debug]: [DELETE] http://undefined/
22/07/08 19:27:23 217 [debug]: 클라이언트의 접속이 종료되었습니다. ::: [runtime] 1ms
22/07/08 19:27:23 218 [debug]: ------------------------------------------------------------
22/07/08 19:28:06 060 [debug]: 클라이언트가 접속했습니다.
22/07/08 19:28:06 060 [debug]: [client] ::ffff:127.0.0.1 / unknown / insomnia / 2022.4.2 / unknown
22/07/08 19:28:06 060 [debug]: [POST] http://undefined/
22/07/08 19:28:06 111 [debug]: 클라이언트의 접속이 종료되었습니다. ::: [runtime] 51ms
22/07/08 19:28:06 111 [debug]: ------------------------------------------------------------
22/07/08 19:28:07 436 [debug]: 클라이언트가 접속했습니다.
22/07/08 19:28:07 437 [debug]: [client] ::ffff:127.0.0.1 / unknown / insomnia / 2022.4.2 / unknown
22/07/08 19:28:07 437 [debug]: [POST] http://undefined/
22/07/08 19:28:07 439 [debug]: 클라이언트의 접속이 종료되었습니다. ::: [runtime] 2ms
22/07/08 19:28:07 439 [debug]: ------------------------------------------------------------
22/07/08 19:28:12 674 [debug]: 클라이언트가 접속했습니다.
22/07/08 19:28:12 674 [debug]: [client] ::ffff:127.0.0.1 / unknown / insomnia / 2022.4.2 / unknown
22/07/08 19:28:12 675 [debug]: [POST] http://undefined/
22/07/08 19:28:12 676 [debug]: 클라이언트의 접속이 종료되었습니다. ::: [runtime] 2ms
22/07/08 19:28:12 676 [debug]: ------------------------------------------------------------
22/07/08 19:28:17 001 [debug]: 클라이언트가 접속했습니다.
22/07/08 19:28:17 001 [debug]: [client] ::ffff:127.0.0.1 / unknown / insomnia / 2022.4.2 / unknown
22/07/08 19:28:17 001 [debug]: [POST] http://undefined/
22/07/08 19:28:17 002 [debug]: 클라이언트의 접속이 종료되었습니다. ::: [runtime] 1ms
22/07/08 19:28:17 002 [debug]: ------------------------------------------------------------
22/07/08 19:28:26 516 [debug]: 클라이언트가 접속했습니다.
22/07/08 19:28:26 516 [debug]: [client] ::ffff:127.0.0.1 / unknown / insomnia / 2022.4.2 / unknown
22/07/08 19:28:26 516 [debug]: [GET] http://undefined/
22/07/08 19:28:26 517 [debug]: [cookies] my_msg=undefined
22/07/08 19:28:26 517 [debug]: [signedCookies] my_msg_signed=undefined
22/07/08 19:28:26 518 [debug]: 클라이언트의 접속이 종료되었습니다. ::: [runtime] 2ms
22/07/08 19:28:26 518 [debug]: ------------------------------------------------------------
22/07/08 19:28:30 122 [debug]: 클라이언트가 접속했습니다.
22/07/08 19:28:30 122 [debug]: [client] ::ffff:127.0.0.1 / unknown / insomnia / 2022.4.2 / unknown
22/07/08 19:28:30 122 [debug]: [GET] http://undefined/
22/07/08 19:28:30 123 [debug]: [cookies] my_msg=undefined
22/07/08 19:28:30 123 [debug]: [signedCookies] my_msg_signed=undefined
22/07/08 19:28:30 123 [debug]: 클라이언트의 접속이 종료되었습니다. ::: [runtime] 1ms
22/07/08 19:28:30 123 [debug]: ------------------------------------------------------------
22/07/08 19:28:33 790 [debug]: 클라이언트가 접속했습니다.
22/07/08 19:28:33 791 [debug]: [client] ::ffff:127.0.0.1 / unknown / insomnia / 2022.4.2 / unknown
22/07/08 19:28:33 791 [debug]: [GET] http://undefined/
22/07/08 19:28:33 792 [debug]: [cookies] my_msg=undefined
22/07/08 19:28:33 792 [debug]: [signedCookies] my_msg_signed=undefined
22/07/08 19:28:33 792 [debug]: 클라이언트의 접속이 종료되었습니다. ::: [runtime] 1ms
22/07/08 19:28:33 792 [debug]: ------------------------------------------------------------
22/07/08 19:28:47 839 [debug]: 클라이언트가 접속했습니다.
22/07/08 19:28:47 839 [debug]: [client] ::ffff:127.0.0.1 / unknown / insomnia / 2022.4.2 / unknown
22/07/08 19:28:47 839 [debug]: [DELETE] http://undefined/
22/07/08 19:28:47 840 [debug]: 클라이언트의 접속이 종료되었습니다. ::: [runtime] 1ms
22/07/08 19:28:47 840 [debug]: ------------------------------------------------------------
22/07/08 19:32:50 297 [debug]: -------------------------------------------------------------
22/07/08 19:32:50 299 [debug]: |               Start Express Server                         |
22/07/08 19:32:50 299 [debug]: -------------------------------------------------------------
22/07/08 19:32:50 300 [debug]: server adredd => http://192.168.200.174:3001
22/07/08 19:32:50 300 [debug]: -------------------------------------------------------------
22/07/08 19:34:05 493 [debug]: 클라이언트가 접속했습니다.
22/07/08 19:34:05 495 [debug]: [client] ::1 / Windows 10.0 / Chrome / 103.0.0.0 / Microsoft Windows
22/07/08 19:34:05 497 [debug]: [GET] http://undefined/
22/07/08 19:34:05 509 [debug]: 클라이언트의 접속이 종료되었습니다. ::: [runtime] 14ms
22/07/08 19:34:05 510 [debug]: ------------------------------------------------------------
22/07/08 19:34:05 580 [debug]: 클라이언트가 접속했습니다.
22/07/08 19:34:05 581 [debug]: [client] ::1 / Windows 10.0 / Chrome / 103.0.0.0 / Microsoft Windows
22/07/08 19:34:05 581 [debug]: [GET] http://undefined/
22/07/08 19:34:05 597 [debug]: 클라이언트의 접속이 종료되었습니다. ::: [runtime] 16ms
22/07/08 19:34:05 597 [debug]: ------------------------------------------------------------
22/07/08 19:34:52 313 [debug]: 클라이언트가 접속했습니다.
22/07/08 19:34:52 313 [debug]: [client] ::1 / Windows 10.0 / Chrome / 103.0.0.0 / Microsoft Windows
22/07/08 19:34:52 314 [debug]: [POST] http://undefined/
22/07/08 19:34:52 329 [debug]: 클라이언트의 접속이 종료되었습니다. ::: [runtime] 16ms
22/07/08 19:34:52 330 [debug]: ------------------------------------------------------------
22/07/08 19:35:12 558 [debug]: 클라이언트가 접속했습니다.
22/07/08 19:35:12 558 [debug]: [client] ::1 / Windows 10.0 / Chrome / 103.0.0.0 / Microsoft Windows
22/07/08 19:35:12 559 [debug]: [POST] http://undefined/
22/07/08 19:35:12 561 [debug]: 클라이언트의 접속이 종료되었습니다. ::: [runtime] 3ms
22/07/08 19:35:12 561 [debug]: ------------------------------------------------------------
22/07/08 19:35:34 691 [debug]: 클라이언트가 접속했습니다.
22/07/08 19:35:34 691 [debug]: [client] ::1 / Windows 10.0 / Chrome / 103.0.0.0 / Microsoft Windows
22/07/08 19:35:34 691 [debug]: [GET] http://undefined/
22/07/08 19:35:34 692 [debug]: [cookies] my_msg=hello
22/07/08 19:35:34 692 [debug]: [signedCookies] my_msg_signed=hello
22/07/08 19:35:34 693 [debug]: 클라이언트의 접속이 종료되었습니다. ::: [runtime] 2ms
22/07/08 19:35:34 693 [debug]: ------------------------------------------------------------
22/07/08 19:35:37 838 [debug]: 클라이언트가 접속했습니다.
22/07/08 19:35:37 839 [debug]: [client] ::1 / Windows 10.0 / Chrome / 103.0.0.0 / Microsoft Windows
22/07/08 19:35:37 842 [debug]: [DELETE] http://undefined/
22/07/08 19:35:37 845 [debug]: 클라이언트의 접속이 종료되었습니다. ::: [runtime] 6ms
22/07/08 19:35:37 845 [debug]: ------------------------------------------------------------
22/07/08 19:35:39 882 [debug]: 클라이언트가 접속했습니다.
22/07/08 19:35:39 882 [debug]: [client] ::1 / Windows 10.0 / Chrome / 103.0.0.0 / Microsoft Windows
22/07/08 19:35:39 884 [debug]: [POST] http://undefined/
22/07/08 19:35:39 885 [debug]: 클라이언트의 접속이 종료되었습니다. ::: [runtime] 3ms
22/07/08 19:35:39 887 [debug]: ------------------------------------------------------------
22/07/08 22:53:34 996 [debug]: 클라이언트가 접속했습니다.
22/07/08 22:53:34 997 [debug]: [client] ::1 / Windows 10.0 / Chrome / 103.0.0.0 / Microsoft Windows
22/07/08 22:53:34 999 [debug]: [DELETE] http://undefined/
22/07/08 22:53:35 000 [debug]: 클라이언트의 접속이 종료되었습니다. ::: [runtime] 3ms
22/07/08 22:53:35 000 [debug]: ------------------------------------------------------------
22/07/08 22:54:12 402 [debug]: -------------------------------------------------------------
22/07/08 22:54:12 406 [debug]: |               Start Express Server                         |
22/07/08 22:54:12 407 [debug]: -------------------------------------------------------------
22/07/08 22:54:12 408 [debug]: server adredd => http://192.168.200.174:3001
22/07/08 22:54:12 408 [debug]: -------------------------------------------------------------
22/07/08 22:54:58 483 [debug]: -------------------------------------------------------------
22/07/08 22:54:58 486 [debug]: |               Start Express Server                         |
22/07/08 22:54:58 488 [debug]: -------------------------------------------------------------
22/07/08 22:54:58 490 [debug]: server adredd => http://192.168.200.174:3001
22/07/08 22:54:58 491 [debug]: -------------------------------------------------------------
22/07/08 22:58:30 403 [debug]: -------------------------------------------------------------
22/07/08 22:58:30 406 [debug]: |               Start Express Server                         |
22/07/08 22:58:30 408 [debug]: -------------------------------------------------------------
22/07/08 22:58:30 409 [debug]: server adredd => http://192.168.200.174:3001
22/07/08 22:58:30 411 [debug]: -------------------------------------------------------------
22/07/08 23:00:20 757 [debug]: -------------------------------------------------------------
22/07/08 23:00:20 759 [debug]: |               Start Express Server                         |
22/07/08 23:00:20 761 [debug]: -------------------------------------------------------------
22/07/08 23:00:20 763 [debug]: server adredd => http://192.168.200.174:3001
22/07/08 23:00:20 764 [debug]: -------------------------------------------------------------
22/07/08 23:01:38 450 [debug]: -------------------------------------------------------------
22/07/08 23:01:38 452 [debug]: |               Start Express Server                         |
22/07/08 23:01:38 454 [debug]: -------------------------------------------------------------
22/07/08 23:01:38 454 [debug]: server adredd => http://192.168.200.174:3001
22/07/08 23:01:38 457 [debug]: -------------------------------------------------------------
22/07/08 23:06:20 139 [debug]: -------------------------------------------------------------
22/07/08 23:06:20 141 [debug]: |               Start Express Server                         |
22/07/08 23:06:20 142 [debug]: -------------------------------------------------------------
22/07/08 23:06:20 143 [debug]: server adredd => http://192.168.200.174:3001
22/07/08 23:06:20 145 [debug]: -------------------------------------------------------------
22/07/08 23:17:11 323 [debug]: -------------------------------------------------------------
22/07/08 23:17:11 326 [debug]: |               Start Express Server                         |
22/07/08 23:17:11 328 [debug]: -------------------------------------------------------------
22/07/08 23:17:11 331 [debug]: server adredd => http://192.168.200.174:3001
22/07/08 23:17:11 331 [debug]: -------------------------------------------------------------
22/07/08 23:18:39 635 [debug]: -------------------------------------------------------------
22/07/08 23:18:39 637 [debug]: |               Start Express Server                         |
22/07/08 23:18:39 638 [debug]: -------------------------------------------------------------
22/07/08 23:18:39 638 [debug]: server adredd => http://192.168.200.174:3001
22/07/08 23:18:39 638 [debug]: -------------------------------------------------------------
22/07/08 23:20:41 998 [debug]: 클라이언트가 접속했습니다.
22/07/08 23:24:05 617 [debug]: -------------------------------------------------------------
22/07/08 23:24:05 619 [debug]: |               Start Express Server                         |
22/07/08 23:24:05 620 [debug]: -------------------------------------------------------------
22/07/08 23:24:05 620 [debug]: server adredd => http://192.168.200.174:3001
22/07/08 23:24:05 620 [debug]: -------------------------------------------------------------
22/07/08 23:24:20 350 [debug]: 클라이언트가 접속했습니다.
22/07/08 23:24:20 350 [debug]: [client] ::ffff:127.0.0.1 / unknown / insomnia / 2022.4.2 / unknown
22/07/08 23:24:20 351 [debug]: [POST] http://undefined/
22/07/08 23:24:20 410 [debug]: 클라이언트의 접속이 종료되었습니다. ::: [runtime] 60ms
22/07/08 23:24:20 411 [debug]: ------------------------------------------------------------
22/07/08 23:24:57 626 [debug]: 클라이언트가 접속했습니다.
22/07/08 23:24:57 627 [debug]: [client] ::ffff:127.0.0.1 / unknown / insomnia / 2022.4.2 / unknown
22/07/08 23:24:57 627 [debug]: [GET] http://undefined/
22/07/08 23:24:57 629 [debug]: [session] [object Object]
22/07/08 23:24:57 630 [debug]: 클라이언트의 접속이 종료되었습니다. ::: [runtime] 3ms
22/07/08 23:24:57 631 [debug]: ------------------------------------------------------------
22/07/08 23:25:40 922 [debug]: 클라이언트가 접속했습니다.
22/07/08 23:25:40 922 [debug]: [client] ::ffff:127.0.0.1 / unknown / insomnia / 2022.4.2 / unknown
22/07/08 23:25:40 923 [debug]: [DELETE] http://undefined/
22/07/08 23:25:40 924 [debug]: 클라이언트의 접속이 종료되었습니다. ::: [runtime] 2ms
22/07/08 23:25:40 924 [debug]: ------------------------------------------------------------
22/07/08 23:26:44 221 [debug]: 클라이언트가 접속했습니다.
22/07/08 23:26:44 221 [debug]: [client] ::ffff:127.0.0.1 / unknown / insomnia / 2022.4.2 / unknown
22/07/08 23:26:44 221 [debug]: [POST] http://undefined/
22/07/08 23:26:44 224 [debug]: 클라이언트의 접속이 종료되었습니다. ::: [runtime] 3ms
22/07/08 23:26:44 225 [debug]: ------------------------------------------------------------
22/07/08 23:26:51 623 [debug]: 클라이언트가 접속했습니다.
22/07/08 23:26:51 623 [debug]: [client] ::ffff:127.0.0.1 / unknown / insomnia / 2022.4.2 / unknown
22/07/08 23:26:51 624 [debug]: [GET] http://undefined/
22/07/08 23:26:51 625 [debug]: [session] [object Object]
22/07/08 23:26:51 626 [debug]: [session] dy
22/07/08 23:26:51 626 [debug]: [session] uu
22/07/08 23:26:51 627 [debug]: 클라이언트의 접속이 종료되었습니다. ::: [runtime] 4ms
22/07/08 23:26:51 627 [debug]: ------------------------------------------------------------
22/07/08 23:26:55 434 [debug]: 클라이언트가 접속했습니다.
22/07/08 23:26:55 434 [debug]: [client] ::ffff:127.0.0.1 / unknown / insomnia / 2022.4.2 / unknown
22/07/08 23:26:55 435 [debug]: [DELETE] http://undefined/
22/07/08 23:26:55 436 [debug]: 클라이언트의 접속이 종료되었습니다. ::: [runtime] 2ms
22/07/08 23:26:55 437 [debug]: ------------------------------------------------------------
22/07/08 23:26:57 879 [debug]: 클라이언트가 접속했습니다.
22/07/08 23:26:57 880 [debug]: [client] ::ffff:127.0.0.1 / unknown / insomnia / 2022.4.2 / unknown
22/07/08 23:26:57 880 [debug]: [GET] http://undefined/
22/07/08 23:26:57 880 [debug]: [session] [object Object]
22/07/08 23:26:57 881 [debug]: 클라이언트의 접속이 종료되었습니다. ::: [runtime] 2ms
22/07/08 23:26:57 881 [debug]: ------------------------------------------------------------
22/07/08 23:27:41 148 [debug]: -------------------------------------------------------------
22/07/08 23:27:41 150 [debug]: |               Start Express Server                         |
22/07/08 23:27:41 150 [debug]: -------------------------------------------------------------
22/07/08 23:27:41 150 [debug]: server adredd => http://192.168.200.174:3001
22/07/08 23:27:41 151 [debug]: -------------------------------------------------------------
22/07/08 23:28:01 239 [debug]: 클라이언트가 접속했습니다.
22/07/08 23:29:13 915 [debug]: [client] ::1 / Windows 10.0 / Chrome / 103.0.0.0 / Microsoft Windows
22/07/08 23:29:13 917 [debug]: [GET] http://undefined/
22/07/08 23:29:13 923 [debug]: 클라이언트가 접속했습니다.
22/07/08 23:29:13 924 [debug]: [client] ::1 / Windows 10.0 / Chrome / 103.0.0.0 / Microsoft Windows
22/07/08 23:29:13 924 [debug]: [GET] http://undefined/
22/07/08 23:29:13 934 [debug]: 클라이언트가 접속했습니다.
22/07/08 23:29:13 934 [debug]: [client] ::1 / Windows 10.0 / Chrome / 103.0.0.0 / Microsoft Windows
22/07/08 23:29:13 935 [debug]: [GET] http://undefined/
22/07/08 23:29:13 938 [debug]: 클라이언트의 접속이 종료되었습니다. ::: [runtime] 4ms
22/07/08 23:29:13 939 [debug]: ------------------------------------------------------------
22/07/08 23:29:28 147 [debug]: 클라이언트가 접속했습니다.
22/07/08 23:29:28 148 [debug]: [client] ::1 / Windows 10.0 / Chrome / 103.0.0.0 / Microsoft Windows
22/07/08 23:29:28 148 [debug]: [GET] http://undefined/
22/07/08 23:29:28 151 [debug]: 클라이언트의 접속이 종료되었습니다. ::: [runtime] 3ms
22/07/08 23:29:28 152 [debug]: ------------------------------------------------------------
22/07/08 23:29:28 182 [debug]: 클라이언트가 접속했습니다.
22/07/08 23:29:28 182 [debug]: [client] ::1 / Windows 10.0 / Chrome / 103.0.0.0 / Microsoft Windows
22/07/08 23:29:28 183 [debug]: [GET] http://undefined/
22/07/08 23:29:28 184 [debug]: 현재 로그인중이 아닙니다.
22/07/08 23:29:28 187 [debug]: 클라이언트의 접속이 종료되었습니다. ::: [runtime] 5ms
22/07/08 23:29:28 187 [debug]: ------------------------------------------------------------
22/07/08 23:29:34 577 [debug]: 클라이언트가 접속했습니다.
22/07/08 23:29:34 577 [debug]: [client] ::1 / Windows 10.0 / Chrome / 103.0.0.0 / Microsoft Windows
22/07/08 23:29:34 577 [debug]: [POST] http://undefined/
22/07/08 23:29:34 591 [debug]: id=fgfg
22/07/08 23:29:34 591 [debug]: pw=1111
22/07/08 23:29:34 593 [debug]: 클라이언트의 접속이 종료되었습니다. ::: [runtime] 16ms
22/07/08 23:29:34 593 [debug]: ------------------------------------------------------------
22/07/08 23:29:46 968 [debug]: 클라이언트가 접속했습니다.
22/07/08 23:29:46 968 [debug]: [client] ::1 / Windows 10.0 / Chrome / 103.0.0.0 / Microsoft Windows
22/07/08 23:29:46 969 [debug]: [POST] http://undefined/
22/07/08 23:29:46 970 [debug]: id=fgfg
22/07/08 23:29:46 971 [debug]: pw=1234
22/07/08 23:29:46 971 [debug]: 클라이언트의 접속이 종료되었습니다. ::: [runtime] 3ms
22/07/08 23:29:46 972 [debug]: ------------------------------------------------------------
22/07/08 23:29:52 111 [debug]: 클라이언트가 접속했습니다.
22/07/08 23:29:52 112 [debug]: [client] ::1 / Windows 10.0 / Chrome / 103.0.0.0 / Microsoft Windows
22/07/08 23:29:52 112 [debug]: [POST] http://undefined/
22/07/08 23:29:52 113 [debug]: id=1234
22/07/08 23:29:52 113 [debug]: pw=1234
22/07/08 23:29:52 114 [debug]: 클라이언트의 접속이 종료되었습니다. ::: [runtime] 2ms
22/07/08 23:29:52 115 [debug]: ------------------------------------------------------------
22/07/08 23:30:26 503 [debug]: 클라이언트가 접속했습니다.
22/07/08 23:30:26 504 [debug]: [client] ::1 / Windows 10.0 / Chrome / 103.0.0.0 / Microsoft Windows
22/07/08 23:30:26 505 [debug]: [POST] http://undefined/
22/07/08 23:30:26 506 [debug]: id=1234
22/07/08 23:30:26 506 [debug]: pw=1234
22/07/08 23:30:26 507 [debug]: 클라이언트의 접속이 종료되었습니다. ::: [runtime] 3ms
22/07/08 23:30:26 507 [debug]: ------------------------------------------------------------
22/07/08 23:30:41 363 [debug]: 클라이언트가 접속했습니다.
22/07/08 23:30:41 364 [debug]: [client] ::1 / Windows 10.0 / Chrome / 103.0.0.0 / Microsoft Windows
22/07/08 23:30:41 365 [debug]: [POST] http://undefined/
22/07/08 23:30:41 366 [debug]: id=node
22/07/08 23:30:41 366 [debug]: pw=1234
22/07/08 23:30:41 367 [debug]: 로그인 성공
22/07/08 23:30:41 369 [debug]: 클라이언트의 접속이 종료되었습니다. ::: [runtime] 5ms
22/07/08 23:30:41 370 [debug]: ------------------------------------------------------------
22/07/08 23:30:48 511 [debug]: 클라이언트가 접속했습니다.
22/07/08 23:30:48 512 [debug]: [client] ::1 / Windows 10.0 / Chrome / 103.0.0.0 / Microsoft Windows
22/07/08 23:30:48 512 [debug]: [POST] http://undefined/
22/07/08 23:30:48 514 [debug]: id=node
22/07/08 23:30:48 514 [debug]: pw=1234
22/07/08 23:30:48 515 [debug]: 로그인 성공
22/07/08 23:30:48 517 [debug]: 클라이언트의 접속이 종료되었습니다. ::: [runtime] 4ms
22/07/08 23:30:48 517 [debug]: ------------------------------------------------------------
22/07/08 23:31:03 013 [debug]: 클라이언트가 접속했습니다.
22/07/08 23:31:03 013 [debug]: [client] ::1 / Windows 10.0 / Chrome / 103.0.0.0 / Microsoft Windows
22/07/08 23:31:03 014 [debug]: [POST] http://undefined/
22/07/08 23:31:03 015 [debug]: id=node
22/07/08 23:31:03 015 [debug]: pw=1234
22/07/08 23:31:03 015 [debug]: 로그인 성공
22/07/08 23:31:03 017 [debug]: 클라이언트의 접속이 종료되었습니다. ::: [runtime] 4ms
22/07/08 23:31:03 017 [debug]: ------------------------------------------------------------
22/07/08 23:31:17 079 [debug]: 클라이언트가 접속했습니다.
22/07/08 23:31:17 081 [debug]: [client] ::1 / Windows 10.0 / Chrome / 103.0.0.0 / Microsoft Windows
22/07/08 23:31:17 083 [debug]: [GET] http://undefined/
22/07/08 23:31:17 085 [debug]: 현재 로그인중이 맞습니다.
22/07/08 23:31:17 086 [debug]: 클라이언트의 접속이 종료되었습니다. ::: [runtime] 5ms
22/07/08 23:31:17 087 [debug]: ------------------------------------------------------------
22/07/08 23:31:22 601 [debug]: 클라이언트가 접속했습니다.
22/07/08 23:31:22 602 [debug]: [client] ::1 / Windows 10.0 / Chrome / 103.0.0.0 / Microsoft Windows
22/07/08 23:31:22 602 [debug]: [GET] http://undefined/
22/07/08 23:31:22 604 [debug]: 클라이언트의 접속이 종료되었습니다. ::: [runtime] 2ms
22/07/08 23:31:22 604 [debug]: ------------------------------------------------------------
22/07/08 23:31:22 655 [debug]: 클라이언트가 접속했습니다.
22/07/08 23:31:22 655 [debug]: [client] ::1 / Windows 10.0 / Chrome / 103.0.0.0 / Microsoft Windows
22/07/08 23:31:22 656 [debug]: [GET] http://undefined/
22/07/08 23:31:22 657 [debug]: 현재 로그인중이 맞습니다.
22/07/08 23:31:22 659 [debug]: 클라이언트의 접속이 종료되었습니다. ::: [runtime] 4ms
22/07/08 23:31:22 659 [debug]: ------------------------------------------------------------
22/07/08 23:31:26 780 [debug]: 클라이언트가 접속했습니다.
22/07/08 23:31:26 780 [debug]: [client] ::1 / Windows 10.0 / Chrome / 103.0.0.0 / Microsoft Windows
22/07/08 23:31:26 781 [debug]: [DELETE] http://undefined/
22/07/08 23:31:26 782 [debug]: 클라이언트의 접속이 종료되었습니다. ::: [runtime] 2ms
22/07/08 23:31:26 783 [debug]: ------------------------------------------------------------
22/07/08 23:31:31 717 [debug]: 클라이언트가 접속했습니다.
22/07/08 23:31:31 717 [debug]: [client] ::1 / Windows 10.0 / Chrome / 103.0.0.0 / Microsoft Windows
22/07/08 23:31:31 718 [debug]: [POST] http://undefined/
22/07/08 23:31:31 719 [debug]: id=node
22/07/08 23:31:31 719 [debug]: pw=1234
22/07/08 23:31:31 720 [debug]: 로그인 성공
22/07/08 23:31:31 721 [debug]: 클라이언트의 접속이 종료되었습니다. ::: [runtime] 4ms
22/07/08 23:31:31 722 [debug]: ------------------------------------------------------------
22/07/08 23:31:34 762 [debug]: 클라이언트가 접속했습니다.
22/07/08 23:31:34 763 [debug]: [client] ::1 / Windows 10.0 / Chrome / 103.0.0.0 / Microsoft Windows
22/07/08 23:31:34 763 [debug]: [POST] http://undefined/
22/07/08 23:31:34 765 [debug]: id=node
22/07/08 23:31:34 765 [debug]: pw=1234
22/07/08 23:31:34 765 [debug]: 로그인 성공
22/07/08 23:31:34 768 [debug]: 클라이언트의 접속이 종료되었습니다. ::: [runtime] 4ms
22/07/08 23:31:34 768 [debug]: ------------------------------------------------------------
22/07/08 23:36:12 880 [debug]: 클라이언트가 접속했습니다.
22/07/08 23:36:18 799 [debug]: [client] ::1 / Windows 10.0 / Chrome / 103.0.0.0 / Microsoft Windows
22/07/08 23:36:18 801 [debug]: [GET] http://undefined/
22/07/08 23:36:18 805 [debug]: 클라이언트의 접속이 종료되었습니다. ::: [runtime] 6ms
22/07/08 23:36:18 805 [debug]: ------------------------------------------------------------
22/07/08 23:36:18 872 [debug]: 클라이언트가 접속했습니다.
22/07/08 23:36:18 872 [debug]: [client] ::1 / Windows 10.0 / Chrome / 103.0.0.0 / Microsoft Windows
22/07/08 23:36:18 878 [debug]: [GET] http://undefined/
22/07/08 23:36:18 880 [debug]: 현재 로그인중이 맞습니다.
22/07/08 23:36:18 882 [debug]: 클라이언트의 접속이 종료되었습니다. ::: [runtime] 10ms
22/07/08 23:36:18 884 [debug]: ------------------------------------------------------------
22/07/08 23:36:19 357 [debug]: -------------------------------------------------------------
22/07/08 23:36:19 361 [debug]: |               Start Express Server                         |
22/07/08 23:36:19 362 [debug]: -------------------------------------------------------------
22/07/08 23:36:19 364 [debug]: server adredd => http://192.168.200.174:3001
22/07/08 23:36:19 365 [debug]: -------------------------------------------------------------
22/07/08 23:36:22 316 [debug]: 클라이언트가 접속했습니다.
22/07/08 23:36:22 317 [debug]: [client] ::1 / Windows 10.0 / Chrome / 103.0.0.0 / Microsoft Windows
22/07/08 23:36:22 319 [debug]: [DELETE] http://undefined/
22/07/08 23:36:22 328 [debug]: 클라이언트의 접속이 종료되었습니다. ::: [runtime] 11ms
22/07/08 23:36:22 329 [debug]: ------------------------------------------------------------
22/07/08 23:36:27 762 [debug]: 클라이언트가 접속했습니다.
22/07/08 23:36:27 763 [debug]: [client] ::1 / Windows 10.0 / Chrome / 103.0.0.0 / Microsoft Windows
22/07/08 23:36:27 764 [debug]: [POST] http://undefined/
22/07/08 23:36:27 778 [debug]: id=node
22/07/08 23:36:27 778 [debug]: pw=1234
22/07/08 23:36:27 779 [debug]: 로그인 성공
22/07/08 23:36:27 781 [debug]: 클라이언트의 접속이 종료되었습니다. ::: [runtime] 18ms
22/07/08 23:36:27 781 [debug]: ------------------------------------------------------------
22/07/08 23:37:37 988 [debug]: 클라이언트가 접속했습니다.
22/07/08 23:37:37 990 [debug]: [client] ::1 / Windows 10.0 / Chrome / 103.0.0.0 / Microsoft Windows
22/07/08 23:37:37 991 [debug]: [GET] http://undefined/
22/07/08 23:37:37 996 [debug]: 클라이언트의 접속이 종료되었습니다. ::: [runtime] 6ms
22/07/08 23:37:37 997 [debug]: ------------------------------------------------------------
22/07/08 23:37:38 057 [debug]: 클라이언트가 접속했습니다.
22/07/08 23:37:38 058 [debug]: [client] ::1 / Windows 10.0 / Chrome / 103.0.0.0 / Microsoft Windows
22/07/08 23:37:38 059 [debug]: [GET] http://undefined/
22/07/08 23:37:38 063 [debug]: 현재 로그인중이 맞습니다.
22/07/08 23:37:38 065 [debug]: 클라이언트의 접속이 종료되었습니다. ::: [runtime] 7ms
22/07/08 23:37:38 065 [debug]: ------------------------------------------------------------
22/07/08 23:37:40 766 [debug]: 클라이언트가 접속했습니다.
22/07/08 23:37:40 766 [debug]: [client] ::1 / Windows 10.0 / Chrome / 103.0.0.0 / Microsoft Windows
22/07/08 23:37:40 767 [debug]: [GET] http://undefined/
22/07/08 23:37:40 769 [debug]: 클라이언트의 접속이 종료되었습니다. ::: [runtime] 3ms
22/07/08 23:37:40 770 [debug]: ------------------------------------------------------------
22/07/08 23:37:40 824 [debug]: 클라이언트가 접속했습니다.
22/07/08 23:37:40 824 [debug]: [client] ::1 / Windows 10.0 / Chrome / 103.0.0.0 / Microsoft Windows
22/07/08 23:37:40 825 [debug]: [GET] http://undefined/
22/07/08 23:37:40 828 [debug]: 현재 로그인중이 맞습니다.
22/07/08 23:37:40 829 [debug]: 클라이언트의 접속이 종료되었습니다. ::: [runtime] 5ms
22/07/08 23:37:40 829 [debug]: ------------------------------------------------------------
22/07/08 23:37:51 439 [debug]: 클라이언트가 접속했습니다.
22/07/08 23:37:51 440 [debug]: [client] ::1 / Windows 10.0 / Chrome / 103.0.0.0 / Microsoft Windows
22/07/08 23:37:51 440 [debug]: [DELETE] http://undefined/
22/07/08 23:37:51 442 [debug]: 클라이언트의 접속이 종료되었습니다. ::: [runtime] 3ms
22/07/08 23:37:51 442 [debug]: ------------------------------------------------------------
22/07/08 23:37:52 546 [debug]: 클라이언트가 접속했습니다.
22/07/08 23:37:52 547 [debug]: [client] ::1 / Windows 10.0 / Chrome / 103.0.0.0 / Microsoft Windows
22/07/08 23:37:52 547 [debug]: [GET] http://undefined/
22/07/08 23:37:52 548 [debug]: 클라이언트의 접속이 종료되었습니다. ::: [runtime] 1ms
22/07/08 23:37:52 549 [debug]: ------------------------------------------------------------
22/07/08 23:37:52 601 [debug]: 클라이언트가 접속했습니다.
22/07/08 23:37:52 601 [debug]: [client] ::1 / Windows 10.0 / Chrome / 103.0.0.0 / Microsoft Windows
22/07/08 23:37:52 602 [debug]: [GET] http://undefined/
22/07/08 23:37:52 604 [debug]: 현재 로그인중이 아닙니다.
22/07/08 23:37:52 605 [debug]: 클라이언트의 접속이 종료되었습니다. ::: [runtime] 4ms
22/07/08 23:37:52 606 [debug]: ------------------------------------------------------------
22/07/08 23:37:53 390 [debug]: 클라이언트가 접속했습니다.
22/07/08 23:37:53 390 [debug]: [client] ::1 / Windows 10.0 / Chrome / 103.0.0.0 / Microsoft Windows
22/07/08 23:37:53 390 [debug]: [GET] http://undefined/
22/07/08 23:37:53 392 [debug]: 클라이언트의 접속이 종료되었습니다. ::: [runtime] 2ms
22/07/08 23:37:53 392 [debug]: ------------------------------------------------------------
22/07/08 23:37:53 446 [debug]: 클라이언트가 접속했습니다.
22/07/08 23:37:53 446 [debug]: [client] ::1 / Windows 10.0 / Chrome / 103.0.0.0 / Microsoft Windows
22/07/08 23:37:53 447 [debug]: [GET] http://undefined/
22/07/08 23:37:53 448 [debug]: 현재 로그인중이 아닙니다.
22/07/08 23:37:53 449 [debug]: 클라이언트의 접속이 종료되었습니다. ::: [runtime] 3ms
22/07/08 23:37:53 449 [debug]: ------------------------------------------------------------
