22/07/04 14:01:47 314 [debug]: 3216
22/07/04 14:01:47 318 [debug]: ---------------------------------
22/07/04 14:02:10 302 [debug]: 3216
22/07/04 14:02:10 305 [debug]: ---------------------------------
22/07/04 14:02:16 822 [debug]: 프론트엔드가 접속했습니다. : ::1,57565
22/07/04 14:02:16 823 [debug]: [object Object]
22/07/04 14:02:16 825 [debug]: 프론트엔드의 요청 >> [GET]/
22/07/04 14:02:16 830 [debug]: 프론트엔드가 접속했습니다. : ::1,57566
22/07/04 14:02:16 830 [debug]: [object Object]
22/07/04 14:02:16 849 [debug]: 프론트엔드의 요청 >> [GET]/favicon.ico
22/07/04 14:02:17 652 [debug]: 프론트엔드의 요청 >> [GET]/
22/07/04 14:02:17 670 [debug]: 프론트엔드의 요청 >> [GET]/favicon.ico
22/07/04 14:02:49 191 [debug]: 3216
22/07/04 14:02:49 194 [debug]: ---------------------------------
22/07/04 14:03:03 508 [debug]: 프론트엔드가 접속했습니다. : ::1,57567
22/07/04 14:03:03 509 [debug]: [object Object]
22/07/04 14:03:03 511 [debug]: 프론트엔드의 요청 >> [GET]/
22/07/04 14:03:03 516 [debug]: 프론트엔드가 접속했습니다. : ::1,57568
22/07/04 14:03:03 517 [debug]: [object Object]
22/07/04 14:03:03 537 [debug]: 프론트엔드의 요청 >> [GET]/favicon.ico
22/07/04 14:03:14 240 [debug]: 프론트엔드가 접속했습니다. : ::1,57569
22/07/04 14:03:14 241 [debug]: [object Object]
22/07/04 14:03:14 242 [debug]: 프론트엔드의 요청 >> [GET]/hello.html
22/07/04 14:03:14 268 [debug]: 프론트엔드의 요청 >> [GET]/favicon.ico
22/07/04 14:07:10 461 [debug]: 백엔드가 종료되었습니다.
22/07/04 14:08:59 798 [debug]: 3216
22/07/04 14:08:59 801 [debug]: ---------------------------------
22/07/04 14:09:04 327 [debug]: 프론트엔드가 접속했습니다. : ::1,57671
22/07/04 14:09:04 327 [debug]: [object Object]
22/07/04 14:09:04 329 [debug]: 프론트엔드의 요청 >> [GET]/hello.html
22/07/04 14:09:04 334 [debug]: 프론트엔드가 접속했습니다. : ::1,57672
22/07/04 14:09:04 334 [debug]: [object Object]
22/07/04 14:09:04 382 [debug]: 프론트엔드의 요청 >> [GET]/favicon.ico
22/07/04 14:09:04 683 [debug]: 프론트엔드의 요청 >> [GET]/
22/07/04 14:09:04 716 [debug]: 프론트엔드의 요청 >> [GET]/favicon.ico
22/07/04 14:09:16 422 [debug]: 프론트엔드가 접속했습니다. : ::1,57685
22/07/04 14:09:16 423 [debug]: [object Object]
22/07/04 14:09:16 425 [debug]: 프론트엔드의 요청 >> [GET]/hello.html
22/07/04 14:09:16 454 [debug]: 프론트엔드의 요청 >> [GET]/favicon.ico
22/07/04 14:23:49 352 [debug]: 3216
22/07/04 14:23:49 355 [debug]: ---------------------------------
22/07/04 14:23:49 355 [debug]: http://192.168.219.107:3216
22/07/04 14:24:00 717 [debug]: 프론트엔드가 접속했습니다. : ::1,57711
22/07/04 14:24:00 718 [debug]: [object Object]
22/07/04 14:24:00 719 [debug]: 프론트엔드가 접속했습니다. : ::1,57712
22/07/04 14:24:00 719 [debug]: [object Object]
22/07/04 14:24:00 722 [debug]: 프론트엔드의 요청 >> [GET]/
22/07/04 14:24:00 798 [debug]: 프론트엔드의 요청 >> [GET]/favicon.ico
22/07/04 14:24:11 206 [debug]: 프론트엔드가 접속했습니다. : ::1,57716
22/07/04 14:24:11 206 [debug]: [object Object]
22/07/04 14:24:11 207 [debug]: 프론트엔드의 요청 >> [GET]/hello.html
22/07/04 14:24:11 235 [debug]: 프론트엔드의 요청 >> [GET]/favicon.ico
22/07/04 15:42:48 423 [debug]: 3217번 포트에서 백엔드가 구동되었습니다.
22/07/04 15:42:48 426 [debug]: -------------------------------------------
22/07/04 15:42:48 426 [debug]: http://192.168.219.107:3217
22/07/04 15:43:05 009 [debug]: 프론트엔드가 접속했습니다. : ::1,58060
22/07/04 15:43:05 010 [debug]: [object Object]
22/07/04 15:43:05 012 [debug]: 프론트엔드가 접속했습니다. : ::1,58061
22/07/04 15:43:05 013 [debug]: [object Object]
22/07/04 15:43:05 016 [debug]: 프론트엔드의 요청 >> [GET]/
22/07/04 15:43:05 085 [debug]: 프론트엔드의 요청 >> [GET]/favicon.ico
22/07/04 15:43:23 389 [debug]: 프론트엔드가 접속했습니다. : ::1,58066
22/07/04 15:43:23 390 [debug]: [object Object]
22/07/04 15:43:23 390 [debug]: 프론트엔드의 요청 >> [GET]/sample.html
22/07/04 15:43:34 257 [debug]: 3217번 포트에서 백엔드가 구동되었습니다.
22/07/04 15:43:34 260 [debug]: -------------------------------------------
22/07/04 15:43:34 260 [debug]: http://192.168.219.107:3217
22/07/04 15:43:37 655 [debug]: 프론트엔드가 접속했습니다. : ::1,58087
22/07/04 15:43:37 655 [debug]: [object Object]
22/07/04 15:43:37 658 [debug]: 프론트엔드의 요청 >> [GET]/sample.html
22/07/04 15:43:37 661 [debug]: 프론트엔드가 접속했습니다. : ::1,58088
22/07/04 15:43:37 661 [debug]: [object Object]
22/07/04 15:54:02 015 [debug]: 3217번 포트에서 백엔드가 구동되었습니다.
22/07/04 15:54:02 017 [debug]: -------------------------------------------
22/07/04 15:54:02 018 [debug]: http://192.168.219.107:3217
22/07/04 15:54:12 331 [debug]: 프론트엔드가 접속했습니다. : ::1,58156
22/07/04 15:54:12 332 [debug]: [object Object]
22/07/04 15:54:12 333 [debug]: 프론트엔드가 접속했습니다. : ::1,58157
22/07/04 15:54:12 334 [debug]: [object Object]
22/07/04 15:54:12 337 [debug]: 프론트엔드의 요청 >> [GET]/
22/07/04 15:54:12 423 [debug]: 프론트엔드의 요청 >> [GET]/favicon.ico
22/07/04 15:54:23 948 [debug]: 프론트엔드가 접속했습니다. : ::1,58164
22/07/04 15:54:23 949 [debug]: [object Object]
22/07/04 15:54:23 950 [debug]: 프론트엔드의 요청 >> [GET]/sample.html
22/07/04 15:54:24 040 [debug]: 프론트엔드의 요청 >> [GET]/favicon.ico
22/07/04 15:54:28 221 [debug]: 프론트엔드의 요청 >> [GET]/
22/07/04 15:54:28 246 [debug]: 프론트엔드의 요청 >> [GET]/favicon.ico
22/07/04 15:54:29 506 [debug]: 프론트엔드의 요청 >> [GET]/favicon.ico
22/07/04 15:54:30 669 [debug]: 프론트엔드의 요청 >> [GET]/
22/07/04 15:54:32 059 [debug]: 프론트엔드의 요청 >> [POST]/
22/07/04 15:54:33 743 [debug]: 프론트엔드의 요청 >> [PUT]/
22/07/04 15:54:34 631 [debug]: 프론트엔드의 요청 >> [DELETE]/
22/07/04 15:54:39 127 [debug]: 프론트엔드의 요청 >> [GET]/
22/07/04 15:54:39 760 [debug]: 프론트엔드의 요청 >> [POST]/
22/07/04 15:54:40 383 [debug]: 프론트엔드의 요청 >> [PUT]/
22/07/04 15:54:41 455 [debug]: 프론트엔드의 요청 >> [DELETE]/
22/07/04 15:56:53 025 [debug]: 3217번 포트에서 백엔드가 구동되었습니다.
22/07/04 15:56:53 027 [debug]: -------------------------------------------
22/07/04 15:56:53 028 [debug]: http://192.168.219.107:3217
22/07/04 15:56:59 290 [debug]: 프론트엔드가 접속했습니다. : ::1,58283
22/07/04 15:56:59 291 [debug]: [object Object]
22/07/04 15:56:59 293 [debug]: 프론트엔드의 요청 >> [GET]/
22/07/04 15:56:59 301 [debug]: 프론트엔드가 접속했습니다. : ::1,58284
22/07/04 15:56:59 301 [debug]: [object Object]
22/07/04 15:56:59 381 [debug]: 프론트엔드의 요청 >> [GET]/favicon.ico
22/07/04 15:57:16 815 [debug]: 프론트엔드가 접속했습니다. : ::1,58287
22/07/04 15:57:16 816 [debug]: [object Object]
22/07/04 15:57:16 817 [debug]: 프론트엔드의 요청 >> [GET]/sample.html
22/07/04 15:57:16 877 [debug]: 프론트엔드의 요청 >> [GET]/favicon.ico
22/07/04 15:57:20 729 [debug]: 프론트엔드의 요청 >> [GET]/
22/07/04 15:57:22 716 [debug]: 프론트엔드의 요청 >> [POST]/
22/07/04 15:57:23 467 [debug]: 프론트엔드의 요청 >> [PUT]/
22/07/04 15:57:24 139 [debug]: 프론트엔드의 요청 >> [DELETE]/
22/07/04 15:57:24 608 [debug]: 프론트엔드의 요청 >> [DELETE]/
22/07/04 15:57:56 476 [debug]: 프론트엔드의 요청 >> [GET]/
22/07/04 15:57:56 886 [debug]: 프론트엔드의 요청 >> [POST]/
22/07/04 15:57:57 351 [debug]: 프론트엔드의 요청 >> [PUT]/
22/07/04 15:57:57 807 [debug]: 프론트엔드의 요청 >> [DELETE]/
22/07/04 15:58:02 814 [debug]: 백엔드가 종료되었습니다.
22/07/04 15:58:46 598 [debug]: 3217번 포트에서 백엔드가 구동되었습니다.
22/07/04 15:58:46 600 [debug]: -------------------------------------------
22/07/04 15:58:46 601 [debug]: http://192.168.219.107:3217
22/07/04 15:58:50 694 [debug]: 프론트엔드가 접속했습니다. : ::1,58342
22/07/04 15:58:50 694 [debug]: [object Object]
22/07/04 15:58:50 696 [debug]: 프론트엔드가 접속했습니다. : ::1,58343
22/07/04 15:58:50 696 [debug]: [object Object]
22/07/04 15:58:50 698 [debug]: 프론트엔드의 요청 >> [GET]/sample.html
22/07/04 15:59:58 943 [debug]: 백엔드가 종료되었습니다.
22/07/04 16:00:08 562 [debug]: 3217번 포트에서 백엔드가 구동되었습니다.
22/07/04 16:00:08 564 [debug]: -------------------------------------------
22/07/04 16:00:08 565 [debug]: http://192.168.219.107:3217
22/07/04 16:00:12 140 [debug]: 프론트엔드가 접속했습니다. : ::1,58392
22/07/04 16:00:12 141 [debug]: [object Object]
22/07/04 16:00:12 143 [debug]: 프론트엔드의 요청 >> [DELETE]/
22/07/04 16:00:14 140 [debug]: 프론트엔드의 요청 >> [PUT]/
22/07/04 16:00:16 184 [debug]: 프론트엔드의 요청 >> [POST]/
22/07/04 16:00:16 663 [debug]: 프론트엔드의 요청 >> [GET]/
22/07/04 16:00:17 490 [debug]: 프론트엔드가 접속했습니다. : ::1,58395
22/07/04 16:00:17 491 [debug]: [object Object]
22/07/04 16:00:17 492 [debug]: 프론트엔드의 요청 >> [GET]/
22/07/04 16:00:17 554 [debug]: 프론트엔드의 요청 >> [GET]/favicon.ico
22/07/04 16:00:26 688 [debug]: 프론트엔드가 접속했습니다. : ::1,58400
22/07/04 16:00:26 688 [debug]: [object Object]
22/07/04 16:00:26 703 [debug]: 프론트엔드의 요청 >> [GET]/favicon.ico
22/07/04 16:00:28 251 [debug]: 프론트엔드의 요청 >> [GET]/
22/07/04 16:06:25 284 [debug]: 백엔드가 종료되었습니다.
